

================================================================
== Vitis HLS Report for 'tiled_conv'
================================================================
* Date:           Tue Apr 18 17:01:42 2023

* Version:        2022.1.2 (Build 3605665 on Fri Aug  5 22:52:02 MDT 2022)
* Project:        proj
* Solution:       solution1 (Vivado IP Flow Target)
* Product family: zynq
* Target device:  xc7z020-clg400-1


================================================================
== Performance Estimates
================================================================
+ Timing: 
    * Summary: 
    +--------+----------+----------+------------+
    |  Clock |  Target  | Estimated| Uncertainty|
    +--------+----------+----------+------------+
    |ap_clk  |  10.00 ns|  7.300 ns|     2.70 ns|
    +--------+----------+----------+------------+

+ Latency: 
    * Summary: 
    +---------+---------+-----------+-----------+------+------+---------+
    |  Latency (cycles) |   Latency (absolute)  |   Interval  | Pipeline|
    |   min   |   max   |    min    |    max    |  min |  max |   Type  |
    +---------+---------+-----------+-----------+------+------+---------+
    |     6128|     6128|  61.280 us|  61.280 us|  6129|  6129|       no|
    +---------+---------+-----------+-----------+------+------+---------+

    + Detail: 
        * Instance: 
        N/A

        * Loop: 
        +-------------+---------+---------+----------+-----------+-----------+------+----------+
        |             |  Latency (cycles) | Iteration|  Initiation Interval  | Trip |          |
        |  Loop Name  |   min   |   max   |  Latency |  achieved |   target  | Count| Pipelined|
        +-------------+---------+---------+----------+-----------+-----------+------+----------+
        |- TILE_ROW   |     4664|     4664|      1166|          -|          -|     4|        no|
        | + TILE_COL  |     1124|     1124|       281|          -|          -|     4|        no|
        +-------------+---------+---------+----------+-----------+-----------+------+----------+

============================================================
+ Verbose Summary: Synthesis Manager
============================================================
InlineROM: 1
ExposeGlobal: 0
============================================================
+ Verbose Summary: CDFG Model
============================================================
IsTopModel: 1
ResetActiveHigh: 1
IsCombinational: 0
IsDatapathOnly: 0
HasWiredReturn: 1
HasMFsm: 0
HasVarLatency: 1
IsPipeline: 0
IsRtlPipelined: 0
IsInstanceOverlapped: 0
IsDontTouch: 0
HasImplIP: 0
IsGatedGlobalClock: 0


============================================================
+ Verbose Summary: Schedule
============================================================
* Number of FSM states : 42
* Pipeline : 0
* Dataflow Pipeline: 0

* FSM state transitions: 
1 --> 2 
2 --> 35 3 
3 --> 4 34 
4 --> 5 
5 --> 6 
6 --> 7 
7 --> 8 
8 --> 9 
9 --> 10 
10 --> 11 
11 --> 12 
12 --> 13 
13 --> 14 
14 --> 15 
15 --> 16 
16 --> 17 
17 --> 18 
18 --> 19 
19 --> 20 
20 --> 21 
21 --> 22 
22 --> 23 
23 --> 24 
24 --> 25 
25 --> 26 
26 --> 27 
27 --> 28 
28 --> 29 
29 --> 30 
30 --> 31 
31 --> 32 
32 --> 33 
33 --> 3 
34 --> 2 
35 --> 36 
36 --> 37 
37 --> 38 
38 --> 39 
39 --> 40 
40 --> 41 
41 --> 42 
42 --> 

* FSM state operations: 

State 1 <SV = 0> <Delay = 2.32>
ST_1 : Operation 43 [1/1] (0.00ns)   --->   "%ti = alloca i32 1"   --->   Operation 43 'alloca' 'ti' <Predicate = true> <Delay = 0.00>
ST_1 : Operation 44 [1/1] (0.00ns)   --->   "%p_lcssa_lcssa_lcssa147 = alloca i32 1"   --->   Operation 44 'alloca' 'p_lcssa_lcssa_lcssa147' <Predicate = true> <Delay = 0.00>
ST_1 : Operation 45 [1/1] (1.00ns)   --->   "%output_feature_map_read = read i64 @_ssdm_op_Read.s_axilite.i64, i64 %output_feature_map"   --->   Operation 45 'read' 'output_feature_map_read' <Predicate = true> <Delay = 1.00> <CoreInst = "s_axilite">   --->   Core 114 's_axilite' <Latency = 0> <II = 1> <Delay = 1.00> <Adapter> <Opcode : 'read' 'write'>
ST_1 : Operation 46 [1/1] (1.00ns)   --->   "%linear_weights_read = read i64 @_ssdm_op_Read.s_axilite.i64, i64 %linear_weights"   --->   Operation 46 'read' 'linear_weights_read' <Predicate = true> <Delay = 1.00> <CoreInst = "s_axilite">   --->   Core 114 's_axilite' <Latency = 0> <II = 1> <Delay = 1.00> <Adapter> <Opcode : 'read' 'write'>
ST_1 : Operation 47 [1/1] (1.00ns)   --->   "%layer_weights_read = read i64 @_ssdm_op_Read.s_axilite.i64, i64 %layer_weights"   --->   Operation 47 'read' 'layer_weights_read' <Predicate = true> <Delay = 1.00> <CoreInst = "s_axilite">   --->   Core 114 's_axilite' <Latency = 0> <II = 1> <Delay = 1.00> <Adapter> <Opcode : 'read' 'write'>
ST_1 : Operation 48 [1/1] (1.00ns)   --->   "%input_feature_map_read = read i64 @_ssdm_op_Read.s_axilite.i64, i64 %input_feature_map"   --->   Operation 48 'read' 'input_feature_map_read' <Predicate = true> <Delay = 1.00> <CoreInst = "s_axilite">   --->   Core 114 's_axilite' <Latency = 0> <II = 1> <Delay = 1.00> <Adapter> <Opcode : 'read' 'write'>
ST_1 : Operation 49 [1/1] (0.00ns)   --->   "%spectopmodule_ln20 = spectopmodule void @_ssdm_op_SpecTopModule, void @empty_1" [tiled_conv.cpp:20]   --->   Operation 49 'spectopmodule' 'spectopmodule_ln20' <Predicate = true> <Delay = 0.00>
ST_1 : Operation 50 [1/1] (0.00ns)   --->   "%specinterface_ln0 = specinterface void @_ssdm_op_SpecInterface, i16 %fm, void @empty_15, i32 0, i32 0, void @empty_19, i32 0, i32 1, void @empty_20, void @empty_21, void @empty_19, i32 16, i32 16, i32 16, i32 16, void @empty_19, void @empty_19, i32 4294967295, i32 0"   --->   Operation 50 'specinterface' 'specinterface_ln0' <Predicate = true> <Delay = 0.00>
ST_1 : Operation 51 [1/1] (0.00ns)   --->   "%specbitsmap_ln0 = specbitsmap void @_ssdm_op_SpecBitsMap, i16 %fm"   --->   Operation 51 'specbitsmap' 'specbitsmap_ln0' <Predicate = true> <Delay = 0.00>
ST_1 : Operation 52 [1/1] (0.00ns)   --->   "%specinterface_ln0 = specinterface void @_ssdm_op_SpecInterface, i16 %wt, void @empty_15, i32 0, i32 0, void @empty_19, i32 0, i32 1, void @empty_22, void @empty_21, void @empty_19, i32 16, i32 16, i32 16, i32 16, void @empty_19, void @empty_19, i32 4294967295, i32 0"   --->   Operation 52 'specinterface' 'specinterface_ln0' <Predicate = true> <Delay = 0.00>
ST_1 : Operation 53 [1/1] (0.00ns)   --->   "%specbitsmap_ln0 = specbitsmap void @_ssdm_op_SpecBitsMap, i16 %wt"   --->   Operation 53 'specbitsmap' 'specbitsmap_ln0' <Predicate = true> <Delay = 0.00>
ST_1 : Operation 54 [1/1] (0.00ns)   --->   "%specinterface_ln0 = specinterface void @_ssdm_op_SpecInterface, i64 %input_feature_map, void @empty_5, i32 0, i32 0, void @empty_19, i32 0, i32 0, void @empty_6, void @empty, void @empty_19, i32 0, i32 0, i32 0, i32 0, void @empty_19, void @empty_18, i32 4294967295, i32 0"   --->   Operation 54 'specinterface' 'specinterface_ln0' <Predicate = true> <Delay = 0.00>
ST_1 : Operation 55 [1/1] (0.00ns)   --->   "%specinterface_ln0 = specinterface void @_ssdm_op_SpecInterface, i64 %input_feature_map, void @empty_16, i32 0, i32 0, void @empty_19, i32 0, i32 0, void @empty_19, void @empty_19, void @empty_19, i32 0, i32 0, i32 0, i32 0, void @empty_19, void @empty_18, i32 4294967295, i32 0"   --->   Operation 55 'specinterface' 'specinterface_ln0' <Predicate = true> <Delay = 0.00>
ST_1 : Operation 56 [1/1] (0.00ns)   --->   "%specinterface_ln0 = specinterface void @_ssdm_op_SpecInterface, i64 %layer_weights, void @empty_5, i32 0, i32 0, void @empty_19, i32 0, i32 0, void @empty_6, void @empty_4, void @empty_19, i32 0, i32 0, i32 0, i32 0, void @empty_19, void @empty_18, i32 4294967295, i32 0"   --->   Operation 56 'specinterface' 'specinterface_ln0' <Predicate = true> <Delay = 0.00>
ST_1 : Operation 57 [1/1] (0.00ns)   --->   "%specinterface_ln0 = specinterface void @_ssdm_op_SpecInterface, i64 %layer_weights, void @empty_16, i32 0, i32 0, void @empty_19, i32 0, i32 0, void @empty_19, void @empty_19, void @empty_19, i32 0, i32 0, i32 0, i32 0, void @empty_19, void @empty_18, i32 4294967295, i32 0"   --->   Operation 57 'specinterface' 'specinterface_ln0' <Predicate = true> <Delay = 0.00>
ST_1 : Operation 58 [1/1] (0.00ns)   --->   "%specinterface_ln0 = specinterface void @_ssdm_op_SpecInterface, i64 %linear_weights, void @empty_5, i32 0, i32 0, void @empty_19, i32 0, i32 0, void @empty_6, void @empty_3, void @empty_19, i32 0, i32 0, i32 0, i32 0, void @empty_19, void @empty_18, i32 4294967295, i32 0"   --->   Operation 58 'specinterface' 'specinterface_ln0' <Predicate = true> <Delay = 0.00>
ST_1 : Operation 59 [1/1] (0.00ns)   --->   "%specinterface_ln0 = specinterface void @_ssdm_op_SpecInterface, i64 %linear_weights, void @empty_16, i32 0, i32 0, void @empty_19, i32 0, i32 0, void @empty_19, void @empty_19, void @empty_19, i32 0, i32 0, i32 0, i32 0, void @empty_19, void @empty_18, i32 4294967295, i32 0"   --->   Operation 59 'specinterface' 'specinterface_ln0' <Predicate = true> <Delay = 0.00>
ST_1 : Operation 60 [1/1] (0.00ns)   --->   "%specinterface_ln0 = specinterface void @_ssdm_op_SpecInterface, i64 %output_feature_map, void @empty_5, i32 0, i32 0, void @empty_19, i32 0, i32 0, void @empty_6, void @empty_2, void @empty_19, i32 0, i32 0, i32 0, i32 0, void @empty_19, void @empty_18, i32 4294967295, i32 0"   --->   Operation 60 'specinterface' 'specinterface_ln0' <Predicate = true> <Delay = 0.00>
ST_1 : Operation 61 [1/1] (0.00ns)   --->   "%specinterface_ln0 = specinterface void @_ssdm_op_SpecInterface, i64 %output_feature_map, void @empty_16, i32 0, i32 0, void @empty_19, i32 0, i32 0, void @empty_19, void @empty_19, void @empty_19, i32 0, i32 0, i32 0, i32 0, void @empty_19, void @empty_18, i32 4294967295, i32 0"   --->   Operation 61 'specinterface' 'specinterface_ln0' <Predicate = true> <Delay = 0.00>
ST_1 : Operation 62 [1/1] (0.00ns)   --->   "%specinterface_ln0 = specinterface void @_ssdm_op_SpecInterface, i32 0, void @empty_5, i32 0, i32 0, void @empty_19, i32 0, i32 0, void @empty_6, void @empty_19, void @empty_19, i32 0, i32 0, i32 0, i32 0, void @empty_19, void @empty_19, i32 4294967295, i32 0"   --->   Operation 62 'specinterface' 'specinterface_ln0' <Predicate = true> <Delay = 0.00>
ST_1 : Operation 63 [1/1] (0.00ns)   --->   "%conv_in_buf_V_0 = alloca i64 1" [tiled_conv.cpp:53]   --->   Operation 63 'alloca' 'conv_in_buf_V_0' <Predicate = true> <Delay = 0.00>
ST_1 : Operation 64 [1/1] (0.00ns)   --->   "%conv_wt_buf_V_0_0 = alloca i64 1" [tiled_conv.cpp:54]   --->   Operation 64 'alloca' 'conv_wt_buf_V_0_0' <Predicate = true> <Delay = 0.00> <CoreInst = "RAM">   --->   Core 82 'RAM' <Latency = 1> <II = 1> <Delay = 2.32> <Storage> <Opcode : 'load' 'store'> <Ports = 2> <Width = 16> <Depth = 25> <RAM>
ST_1 : Operation 65 [1/1] (0.00ns)   --->   "%conv_wt_buf_V_0_0_addr = getelementptr i16 %conv_wt_buf_V_0_0, i64 0, i64 0"   --->   Operation 65 'getelementptr' 'conv_wt_buf_V_0_0_addr' <Predicate = true> <Delay = 0.00>
ST_1 : Operation 66 [1/1] (0.00ns)   --->   "%conv_wt_buf_V_0_0_addr_1 = getelementptr i16 %conv_wt_buf_V_0_0, i64 0, i64 1"   --->   Operation 66 'getelementptr' 'conv_wt_buf_V_0_0_addr_1' <Predicate = true> <Delay = 0.00>
ST_1 : Operation 67 [1/1] (0.00ns)   --->   "%conv_wt_buf_V_0_0_addr_2 = getelementptr i16 %conv_wt_buf_V_0_0, i64 0, i64 2"   --->   Operation 67 'getelementptr' 'conv_wt_buf_V_0_0_addr_2' <Predicate = true> <Delay = 0.00>
ST_1 : Operation 68 [1/1] (0.00ns)   --->   "%conv_wt_buf_V_0_0_addr_3 = getelementptr i16 %conv_wt_buf_V_0_0, i64 0, i64 3"   --->   Operation 68 'getelementptr' 'conv_wt_buf_V_0_0_addr_3' <Predicate = true> <Delay = 0.00>
ST_1 : Operation 69 [1/1] (0.00ns)   --->   "%conv_wt_buf_V_0_0_addr_4 = getelementptr i16 %conv_wt_buf_V_0_0, i64 0, i64 4"   --->   Operation 69 'getelementptr' 'conv_wt_buf_V_0_0_addr_4' <Predicate = true> <Delay = 0.00>
ST_1 : Operation 70 [1/1] (0.00ns)   --->   "%conv_wt_buf_V_0_0_addr_5 = getelementptr i16 %conv_wt_buf_V_0_0, i64 0, i64 5"   --->   Operation 70 'getelementptr' 'conv_wt_buf_V_0_0_addr_5' <Predicate = true> <Delay = 0.00>
ST_1 : Operation 71 [1/1] (0.00ns)   --->   "%conv_wt_buf_V_0_0_addr_6 = getelementptr i16 %conv_wt_buf_V_0_0, i64 0, i64 6"   --->   Operation 71 'getelementptr' 'conv_wt_buf_V_0_0_addr_6' <Predicate = true> <Delay = 0.00>
ST_1 : Operation 72 [1/1] (0.00ns)   --->   "%conv_wt_buf_V_0_0_addr_7 = getelementptr i16 %conv_wt_buf_V_0_0, i64 0, i64 7"   --->   Operation 72 'getelementptr' 'conv_wt_buf_V_0_0_addr_7' <Predicate = true> <Delay = 0.00>
ST_1 : Operation 73 [1/1] (0.00ns)   --->   "%conv_wt_buf_V_0_0_addr_8 = getelementptr i16 %conv_wt_buf_V_0_0, i64 0, i64 8"   --->   Operation 73 'getelementptr' 'conv_wt_buf_V_0_0_addr_8' <Predicate = true> <Delay = 0.00>
ST_1 : Operation 74 [1/1] (0.00ns)   --->   "%conv_wt_buf_V_0_0_addr_9 = getelementptr i16 %conv_wt_buf_V_0_0, i64 0, i64 9"   --->   Operation 74 'getelementptr' 'conv_wt_buf_V_0_0_addr_9' <Predicate = true> <Delay = 0.00>
ST_1 : Operation 75 [1/1] (0.00ns)   --->   "%conv_wt_buf_V_0_0_addr_10 = getelementptr i16 %conv_wt_buf_V_0_0, i64 0, i64 10"   --->   Operation 75 'getelementptr' 'conv_wt_buf_V_0_0_addr_10' <Predicate = true> <Delay = 0.00>
ST_1 : Operation 76 [1/1] (0.00ns)   --->   "%conv_wt_buf_V_0_0_addr_11 = getelementptr i16 %conv_wt_buf_V_0_0, i64 0, i64 11"   --->   Operation 76 'getelementptr' 'conv_wt_buf_V_0_0_addr_11' <Predicate = true> <Delay = 0.00>
ST_1 : Operation 77 [1/1] (0.00ns)   --->   "%conv_wt_buf_V_0_0_addr_12 = getelementptr i16 %conv_wt_buf_V_0_0, i64 0, i64 12"   --->   Operation 77 'getelementptr' 'conv_wt_buf_V_0_0_addr_12' <Predicate = true> <Delay = 0.00>
ST_1 : Operation 78 [1/1] (0.00ns)   --->   "%conv_wt_buf_V_0_0_addr_13 = getelementptr i16 %conv_wt_buf_V_0_0, i64 0, i64 13"   --->   Operation 78 'getelementptr' 'conv_wt_buf_V_0_0_addr_13' <Predicate = true> <Delay = 0.00>
ST_1 : Operation 79 [1/1] (0.00ns)   --->   "%conv_wt_buf_V_0_0_addr_14 = getelementptr i16 %conv_wt_buf_V_0_0, i64 0, i64 14"   --->   Operation 79 'getelementptr' 'conv_wt_buf_V_0_0_addr_14' <Predicate = true> <Delay = 0.00>
ST_1 : Operation 80 [1/1] (0.00ns)   --->   "%conv_wt_buf_V_0_0_addr_15 = getelementptr i16 %conv_wt_buf_V_0_0, i64 0, i64 15"   --->   Operation 80 'getelementptr' 'conv_wt_buf_V_0_0_addr_15' <Predicate = true> <Delay = 0.00>
ST_1 : Operation 81 [1/1] (0.00ns)   --->   "%conv_wt_buf_V_0_0_addr_16 = getelementptr i16 %conv_wt_buf_V_0_0, i64 0, i64 16"   --->   Operation 81 'getelementptr' 'conv_wt_buf_V_0_0_addr_16' <Predicate = true> <Delay = 0.00>
ST_1 : Operation 82 [1/1] (0.00ns)   --->   "%conv_wt_buf_V_0_0_addr_17 = getelementptr i16 %conv_wt_buf_V_0_0, i64 0, i64 17"   --->   Operation 82 'getelementptr' 'conv_wt_buf_V_0_0_addr_17' <Predicate = true> <Delay = 0.00>
ST_1 : Operation 83 [1/1] (0.00ns)   --->   "%conv_wt_buf_V_0_0_addr_18 = getelementptr i16 %conv_wt_buf_V_0_0, i64 0, i64 18"   --->   Operation 83 'getelementptr' 'conv_wt_buf_V_0_0_addr_18' <Predicate = true> <Delay = 0.00>
ST_1 : Operation 84 [1/1] (0.00ns)   --->   "%conv_wt_buf_V_0_0_addr_19 = getelementptr i16 %conv_wt_buf_V_0_0, i64 0, i64 19"   --->   Operation 84 'getelementptr' 'conv_wt_buf_V_0_0_addr_19' <Predicate = true> <Delay = 0.00>
ST_1 : Operation 85 [1/1] (0.00ns)   --->   "%conv_wt_buf_V_0_0_addr_20 = getelementptr i16 %conv_wt_buf_V_0_0, i64 0, i64 20"   --->   Operation 85 'getelementptr' 'conv_wt_buf_V_0_0_addr_20' <Predicate = true> <Delay = 0.00>
ST_1 : Operation 86 [1/1] (0.00ns)   --->   "%conv_wt_buf_V_0_0_addr_21 = getelementptr i16 %conv_wt_buf_V_0_0, i64 0, i64 21"   --->   Operation 86 'getelementptr' 'conv_wt_buf_V_0_0_addr_21' <Predicate = true> <Delay = 0.00>
ST_1 : Operation 87 [1/1] (0.00ns)   --->   "%conv_wt_buf_V_0_0_addr_22 = getelementptr i16 %conv_wt_buf_V_0_0, i64 0, i64 22"   --->   Operation 87 'getelementptr' 'conv_wt_buf_V_0_0_addr_22' <Predicate = true> <Delay = 0.00>
ST_1 : Operation 88 [1/1] (0.00ns)   --->   "%conv_wt_buf_V_0_0_addr_23 = getelementptr i16 %conv_wt_buf_V_0_0, i64 0, i64 23"   --->   Operation 88 'getelementptr' 'conv_wt_buf_V_0_0_addr_23' <Predicate = true> <Delay = 0.00>
ST_1 : Operation 89 [1/1] (0.00ns)   --->   "%conv_wt_buf_V_0_0_addr_24 = getelementptr i16 %conv_wt_buf_V_0_0, i64 0, i64 24"   --->   Operation 89 'getelementptr' 'conv_wt_buf_V_0_0_addr_24' <Predicate = true> <Delay = 0.00>
ST_1 : Operation 90 [1/1] (0.00ns)   --->   "%conv_out_buf_V_0 = alloca i64 1" [tiled_conv.cpp:55]   --->   Operation 90 'alloca' 'conv_out_buf_V_0' <Predicate = true> <Delay = 0.00> <CoreInst = "RAM_1WnR">   --->   Core 83 'RAM_1WnR' <Latency = 1> <II = 1> <Delay = 2.32> <Storage> <Opcode : 'load' 'store'> <Ports = 17> <Width = 15> <Depth = 36> <RAM>
ST_1 : Operation 91 [1/1] (0.00ns)   --->   "%conv_out_buf_V_0_addr = getelementptr i15 %conv_out_buf_V_0, i64 0, i64 0"   --->   Operation 91 'getelementptr' 'conv_out_buf_V_0_addr' <Predicate = true> <Delay = 0.00>
ST_1 : Operation 92 [1/1] (0.00ns)   --->   "%max_pool_out_buf_V_0 = alloca i64 1" [tiled_conv.cpp:57]   --->   Operation 92 'alloca' 'max_pool_out_buf_V_0' <Predicate = true> <Delay = 0.00>
ST_1 : Operation 93 [1/1] (0.00ns)   --->   "%layer1_output_V = alloca i64 1" [tiled_conv.cpp:58]   --->   Operation 93 'alloca' 'layer1_output_V' <Predicate = true> <Delay = 0.00>
ST_1 : Operation 94 [1/1] (0.00ns)   --->   "%linear_input_V = alloca i64 1" [tiled_conv.cpp:59]   --->   Operation 94 'alloca' 'linear_input_V' <Predicate = true> <Delay = 0.00>
ST_1 : Operation 95 [1/1] (2.32ns)   --->   "%store_ln887 = store i15 0, i6 %conv_out_buf_V_0_addr"   --->   Operation 95 'store' 'store_ln887' <Predicate = true> <Delay = 2.32> <CoreInst = "RAM_1WnR">   --->   Core 83 'RAM_1WnR' <Latency = 1> <II = 1> <Delay = 2.32> <Storage> <Opcode : 'load' 'store'> <Ports = 17> <Width = 15> <Depth = 36> <RAM>
ST_1 : Operation 96 [1/1] (0.00ns)   --->   "%lfsr_V_load = load i32 %lfsr_V" [utils.cpp:210]   --->   Operation 96 'load' 'lfsr_V_load' <Predicate = true> <Delay = 0.00>
ST_1 : Operation 97 [1/1] (0.00ns)   --->   "%trunc_ln = partselect i63 @_ssdm_op_PartSelect.i63.i64.i32.i32, i64 %layer_weights_read, i32 1, i32 63" [utils.cpp:115]   --->   Operation 97 'partselect' 'trunc_ln' <Predicate = true> <Delay = 0.00>
ST_1 : Operation 98 [1/1] (0.00ns)   --->   "%sext_ln115 = sext i63 %trunc_ln" [utils.cpp:115]   --->   Operation 98 'sext' 'sext_ln115' <Predicate = true> <Delay = 0.00>
ST_1 : Operation 99 [1/1] (0.00ns)   --->   "%wt_addr = getelementptr i16 %wt, i64 %sext_ln115" [utils.cpp:115]   --->   Operation 99 'getelementptr' 'wt_addr' <Predicate = true> <Delay = 0.00>
ST_1 : Operation 100 [1/1] (0.00ns)   --->   "%store_ln65 = store i32 %lfsr_V_load, i32 %p_lcssa_lcssa_lcssa147" [tiled_conv.cpp:65]   --->   Operation 100 'store' 'store_ln65' <Predicate = true> <Delay = 0.00>
ST_1 : Operation 101 [1/1] (1.58ns)   --->   "%store_ln65 = store i3 0, i3 %ti" [tiled_conv.cpp:65]   --->   Operation 101 'store' 'store_ln65' <Predicate = true> <Delay = 1.58>
ST_1 : Operation 102 [1/1] (0.00ns)   --->   "%br_ln65 = br void %TILE_COL" [tiled_conv.cpp:65]   --->   Operation 102 'br' 'br_ln65' <Predicate = true> <Delay = 0.00>

State 2 <SV = 1> <Delay = 1.78>
ST_2 : Operation 103 [1/1] (0.00ns)   --->   "%ti_1 = load i3 %ti"   --->   Operation 103 'load' 'ti_1' <Predicate = true> <Delay = 0.00>
ST_2 : Operation 104 [1/1] (1.13ns)   --->   "%icmp_ln65 = icmp_eq  i3 %ti_1, i3 4" [tiled_conv.cpp:65]   --->   Operation 104 'icmp' 'icmp_ln65' <Predicate = true> <Delay = 1.13> <CoreInst = "Cmp">   --->   Core 9 'Cmp' <Latency = 0> <II = 1> <Delay = 1.13> <FuncUnit> <Opcode : 'icmp'> <InPorts = 2> <OutPorts = 1>
ST_2 : Operation 105 [1/1] (0.00ns)   --->   "%empty = speclooptripcount i32 @_ssdm_op_SpecLoopTripCount, i64 4, i64 4, i64 4"   --->   Operation 105 'speclooptripcount' 'empty' <Predicate = true> <Delay = 0.00>
ST_2 : Operation 106 [1/1] (1.65ns)   --->   "%add_ln65 = add i3 %ti_1, i3 1" [tiled_conv.cpp:65]   --->   Operation 106 'add' 'add_ln65' <Predicate = true> <Delay = 1.65> <CoreInst = "Adder">   --->   Core 1 'Adder' <Latency = 0> <II = 1> <Delay = 1.65> <FuncUnit> <Opcode : 'add' 'sub'> <InPorts = 2> <OutPorts = 1>
ST_2 : Operation 107 [1/1] (0.00ns)   --->   "%br_ln65 = br i1 %icmp_ln65, void %TILE_COL.split, void %for.end153" [tiled_conv.cpp:65]   --->   Operation 107 'br' 'br_ln65' <Predicate = true> <Delay = 0.00>
ST_2 : Operation 108 [1/1] (0.00ns)   --->   "%zext_ln65 = zext i3 %ti_1" [tiled_conv.cpp:65]   --->   Operation 108 'zext' 'zext_ln65' <Predicate = (!icmp_ln65)> <Delay = 0.00>
ST_2 : Operation 109 [1/1] (0.00ns)   --->   "%specloopname_ln65 = specloopname void @_ssdm_op_SpecLoopName, void @empty_12" [tiled_conv.cpp:65]   --->   Operation 109 'specloopname' 'specloopname_ln65' <Predicate = (!icmp_ln65)> <Delay = 0.00>
ST_2 : Operation 110 [1/1] (0.00ns)   --->   "%empty_36 = trunc i3 %ti_1"   --->   Operation 110 'trunc' 'empty_36' <Predicate = (!icmp_ln65)> <Delay = 0.00>
ST_2 : Operation 111 [1/1] (0.00ns) (grouped into LUT with out node empty_38)   --->   "%p_shl1 = bitconcatenate i5 @_ssdm_op_BitConcatenate.i5.i2.i3, i2 %empty_36, i3 0"   --->   Operation 111 'bitconcatenate' 'p_shl1' <Predicate = (!icmp_ln65)> <Delay = 0.00>
ST_2 : Operation 112 [1/1] (0.00ns) (grouped into LUT with out node empty_38)   --->   "%p_shl1_cast = zext i5 %p_shl1"   --->   Operation 112 'zext' 'p_shl1_cast' <Predicate = (!icmp_ln65)> <Delay = 0.00>
ST_2 : Operation 113 [1/1] (0.00ns) (grouped into LUT with out node empty_38)   --->   "%empty_37 = shl i3 %ti_1, i3 1"   --->   Operation 113 'shl' 'empty_37' <Predicate = (!icmp_ln65)> <Delay = 0.00>
ST_2 : Operation 114 [1/1] (0.00ns) (grouped into LUT with out node empty_38)   --->   "%p_shl2_cast = zext i3 %empty_37"   --->   Operation 114 'zext' 'p_shl2_cast' <Predicate = (!icmp_ln65)> <Delay = 0.00>
ST_2 : Operation 115 [1/1] (1.78ns) (out node of the LUT)   --->   "%empty_38 = sub i6 %p_shl1_cast, i6 %p_shl2_cast"   --->   Operation 115 'sub' 'empty_38' <Predicate = (!icmp_ln65)> <Delay = 1.78> <CoreInst = "Adder">   --->   Core 1 'Adder' <Latency = 0> <II = 1> <Delay = 1.78> <FuncUnit> <Opcode : 'add' 'sub'> <InPorts = 2> <OutPorts = 1>
ST_2 : Operation 116 [1/1] (0.00ns)   --->   "%p_shl = bitconcatenate i4 @_ssdm_op_BitConcatenate.i4.i2.i2, i2 %empty_36, i2 0"   --->   Operation 116 'bitconcatenate' 'p_shl' <Predicate = (!icmp_ln65)> <Delay = 0.00>
ST_2 : Operation 117 [1/1] (0.00ns)   --->   "%p_shl_cast = zext i4 %p_shl"   --->   Operation 117 'zext' 'p_shl_cast' <Predicate = (!icmp_ln65)> <Delay = 0.00>
ST_2 : Operation 118 [1/1] (1.73ns)   --->   "%empty_39 = sub i5 %p_shl_cast, i5 %zext_ln65" [tiled_conv.cpp:65]   --->   Operation 118 'sub' 'empty_39' <Predicate = (!icmp_ln65)> <Delay = 1.73> <CoreInst = "Adder">   --->   Core 1 'Adder' <Latency = 0> <II = 1> <Delay = 1.73> <FuncUnit> <Opcode : 'add' 'sub'> <InPorts = 2> <OutPorts = 1>
ST_2 : Operation 119 [1/1] (0.00ns)   --->   "%trunc_ln38 = trunc i5 %empty_39" [utils.cpp:38]   --->   Operation 119 'trunc' 'trunc_ln38' <Predicate = (!icmp_ln65)> <Delay = 0.00>
ST_2 : Operation 120 [1/1] (0.00ns)   --->   "%trunc_ln38_1 = trunc i6 %empty_38" [utils.cpp:38]   --->   Operation 120 'trunc' 'trunc_ln38_1' <Predicate = (!icmp_ln65)> <Delay = 0.00>
ST_2 : Operation 121 [1/1] (1.58ns)   --->   "%br_ln68 = br void %VITIS_LOOP_83_1" [tiled_conv.cpp:68]   --->   Operation 121 'br' 'br_ln68' <Predicate = (!icmp_ln65)> <Delay = 1.58>
ST_2 : Operation 122 [1/1] (0.00ns)   --->   "%trunc_ln1 = partselect i63 @_ssdm_op_PartSelect.i63.i64.i32.i32, i64 %output_feature_map_read, i32 1, i32 63" [conv_7x7.cpp:109]   --->   Operation 122 'partselect' 'trunc_ln1' <Predicate = (icmp_ln65)> <Delay = 0.00>

State 3 <SV = 2> <Delay = 6.74>
ST_3 : Operation 123 [1/1] (0.00ns)   --->   "%tj = phi i3 %add_ln68, void %VITIS_LOOP_83_1.split, i3 0, void %TILE_COL.split" [tiled_conv.cpp:68]   --->   Operation 123 'phi' 'tj' <Predicate = true> <Delay = 0.00>
ST_3 : Operation 124 [1/1] (1.13ns)   --->   "%icmp_ln68 = icmp_eq  i3 %tj, i3 4" [tiled_conv.cpp:68]   --->   Operation 124 'icmp' 'icmp_ln68' <Predicate = true> <Delay = 1.13> <CoreInst = "Cmp">   --->   Core 9 'Cmp' <Latency = 0> <II = 1> <Delay = 1.13> <FuncUnit> <Opcode : 'icmp'> <InPorts = 2> <OutPorts = 1>
ST_3 : Operation 125 [1/1] (0.00ns)   --->   "%empty_40 = speclooptripcount i32 @_ssdm_op_SpecLoopTripCount, i64 4, i64 4, i64 4"   --->   Operation 125 'speclooptripcount' 'empty_40' <Predicate = true> <Delay = 0.00>
ST_3 : Operation 126 [1/1] (1.65ns)   --->   "%add_ln68 = add i3 %tj, i3 1" [tiled_conv.cpp:68]   --->   Operation 126 'add' 'add_ln68' <Predicate = true> <Delay = 1.65> <CoreInst = "Adder">   --->   Core 1 'Adder' <Latency = 0> <II = 1> <Delay = 1.65> <FuncUnit> <Opcode : 'add' 'sub'> <InPorts = 2> <OutPorts = 1>
ST_3 : Operation 127 [1/1] (0.00ns)   --->   "%br_ln68 = br i1 %icmp_ln68, void %VITIS_LOOP_83_1.split, void %for.inc145.preheader" [tiled_conv.cpp:68]   --->   Operation 127 'br' 'br_ln68' <Predicate = true> <Delay = 0.00>
ST_3 : Operation 128 [2/2] (5.61ns)   --->   "%call_ln65 = call void @tiled_conv_Pipeline_VITIS_LOOP_94_2_VITIS_LOOP_96_3, i5 %empty_39, i15 %layer1_output_V, i15 %linear_input_V" [tiled_conv.cpp:65]   --->   Operation 128 'call' 'call_ln65' <Predicate = (icmp_ln68)> <Delay = 5.61> <CoreType = "Generic">   --->   Core 0 '' <Latency = 0> <II = 1> <Delay = 1.00> <Generic> <Opcode : >
ST_3 : Operation 129 [1/1] (1.58ns)   --->   "%store_ln65 = store i3 %add_ln65, i3 %ti" [tiled_conv.cpp:65]   --->   Operation 129 'store' 'store_ln65' <Predicate = (icmp_ln68)> <Delay = 1.58>

State 4 <SV = 3> <Delay = 7.30>
ST_4 : Operation 130 [7/7] (7.30ns)   --->   "%empty_41 = readreq i1 @_ssdm_op_ReadReq.m_axi.p1i16, i16 %wt_addr, i32 25" [utils.cpp:115]   --->   Operation 130 'readreq' 'empty_41' <Predicate = true> <Delay = 7.30> <CoreInst = "m_axi">   --->   Core 113 'm_axi' <Latency = 0> <II = 1> <Delay = 1.00> <Adapter> <Opcode : 'read' 'write' 'readreq' 'writereq' 'writeresp'>

State 5 <SV = 4> <Delay = 7.30>
ST_5 : Operation 131 [6/7] (7.30ns)   --->   "%empty_41 = readreq i1 @_ssdm_op_ReadReq.m_axi.p1i16, i16 %wt_addr, i32 25" [utils.cpp:115]   --->   Operation 131 'readreq' 'empty_41' <Predicate = true> <Delay = 7.30> <CoreInst = "m_axi">   --->   Core 113 'm_axi' <Latency = 0> <II = 1> <Delay = 1.00> <Adapter> <Opcode : 'read' 'write' 'readreq' 'writereq' 'writeresp'>

State 6 <SV = 5> <Delay = 7.30>
ST_6 : Operation 132 [5/7] (7.30ns)   --->   "%empty_41 = readreq i1 @_ssdm_op_ReadReq.m_axi.p1i16, i16 %wt_addr, i32 25" [utils.cpp:115]   --->   Operation 132 'readreq' 'empty_41' <Predicate = true> <Delay = 7.30> <CoreInst = "m_axi">   --->   Core 113 'm_axi' <Latency = 0> <II = 1> <Delay = 1.00> <Adapter> <Opcode : 'read' 'write' 'readreq' 'writereq' 'writeresp'>

State 7 <SV = 6> <Delay = 7.30>
ST_7 : Operation 133 [4/7] (7.30ns)   --->   "%empty_41 = readreq i1 @_ssdm_op_ReadReq.m_axi.p1i16, i16 %wt_addr, i32 25" [utils.cpp:115]   --->   Operation 133 'readreq' 'empty_41' <Predicate = true> <Delay = 7.30> <CoreInst = "m_axi">   --->   Core 113 'm_axi' <Latency = 0> <II = 1> <Delay = 1.00> <Adapter> <Opcode : 'read' 'write' 'readreq' 'writereq' 'writeresp'>

State 8 <SV = 7> <Delay = 7.30>
ST_8 : Operation 134 [3/7] (7.30ns)   --->   "%empty_41 = readreq i1 @_ssdm_op_ReadReq.m_axi.p1i16, i16 %wt_addr, i32 25" [utils.cpp:115]   --->   Operation 134 'readreq' 'empty_41' <Predicate = true> <Delay = 7.30> <CoreInst = "m_axi">   --->   Core 113 'm_axi' <Latency = 0> <II = 1> <Delay = 1.00> <Adapter> <Opcode : 'read' 'write' 'readreq' 'writereq' 'writeresp'>

State 9 <SV = 8> <Delay = 7.30>
ST_9 : Operation 135 [2/7] (7.30ns)   --->   "%empty_41 = readreq i1 @_ssdm_op_ReadReq.m_axi.p1i16, i16 %wt_addr, i32 25" [utils.cpp:115]   --->   Operation 135 'readreq' 'empty_41' <Predicate = true> <Delay = 7.30> <CoreInst = "m_axi">   --->   Core 113 'm_axi' <Latency = 0> <II = 1> <Delay = 1.00> <Adapter> <Opcode : 'read' 'write' 'readreq' 'writereq' 'writeresp'>

State 10 <SV = 9> <Delay = 7.30>
ST_10 : Operation 136 [1/7] (7.30ns)   --->   "%empty_41 = readreq i1 @_ssdm_op_ReadReq.m_axi.p1i16, i16 %wt_addr, i32 25" [utils.cpp:115]   --->   Operation 136 'readreq' 'empty_41' <Predicate = true> <Delay = 7.30> <CoreInst = "m_axi">   --->   Core 113 'm_axi' <Latency = 0> <II = 1> <Delay = 1.00> <Adapter> <Opcode : 'read' 'write' 'readreq' 'writereq' 'writeresp'>

State 11 <SV = 10> <Delay = 5.98>
ST_11 : Operation 137 [1/1] (0.00ns)   --->   "%trunc_ln28 = trunc i3 %tj" [utils.cpp:28]   --->   Operation 137 'trunc' 'trunc_ln28' <Predicate = true> <Delay = 0.00>
ST_11 : Operation 138 [1/1] (0.00ns) (grouped into LUT with out node sub_ln42)   --->   "%shl_ln = bitconcatenate i5 @_ssdm_op_BitConcatenate.i5.i2.i3, i2 %trunc_ln28, i3 0" [utils.cpp:28]   --->   Operation 138 'bitconcatenate' 'shl_ln' <Predicate = true> <Delay = 0.00>
ST_11 : Operation 139 [1/1] (0.00ns) (grouped into LUT with out node sub_ln42)   --->   "%zext_ln28 = zext i5 %shl_ln" [utils.cpp:28]   --->   Operation 139 'zext' 'zext_ln28' <Predicate = true> <Delay = 0.00>
ST_11 : Operation 140 [1/1] (0.00ns) (grouped into LUT with out node sub_ln42)   --->   "%shl_ln28 = shl i3 %tj, i3 1" [utils.cpp:28]   --->   Operation 140 'shl' 'shl_ln28' <Predicate = true> <Delay = 0.00>
ST_11 : Operation 141 [1/1] (0.00ns) (grouped into LUT with out node sub_ln42)   --->   "%zext_ln28_1 = zext i3 %shl_ln28" [utils.cpp:28]   --->   Operation 141 'zext' 'zext_ln28_1' <Predicate = true> <Delay = 0.00>
ST_11 : Operation 142 [1/1] (1.78ns) (out node of the LUT)   --->   "%sub_ln42 = sub i6 %zext_ln28, i6 %zext_ln28_1" [utils.cpp:42]   --->   Operation 142 'sub' 'sub_ln42' <Predicate = true> <Delay = 1.78> <CoreInst = "Adder">   --->   Core 1 'Adder' <Latency = 0> <II = 1> <Delay = 1.78> <FuncUnit> <Opcode : 'add' 'sub'> <InPorts = 2> <OutPorts = 1>
ST_11 : Operation 143 [1/1] (0.00ns)   --->   "%trunc_ln42 = trunc i6 %sub_ln42" [utils.cpp:42]   --->   Operation 143 'trunc' 'trunc_ln42' <Predicate = true> <Delay = 0.00>
ST_11 : Operation 144 [2/2] (4.20ns)   --->   "%call_ln38 = call void @tiled_conv_Pipeline_INPUT_BUFFER_HEIGHT_INPUT_BUFFER_WIDTH, i16 %fm, i6 %empty_38, i3 %trunc_ln38_1, i16 %conv_in_buf_V_0, i3 %trunc_ln42, i6 %sub_ln42, i64 %input_feature_map_read" [utils.cpp:38]   --->   Operation 144 'call' 'call_ln38' <Predicate = true> <Delay = 4.20> <CoreType = "Generic">   --->   Core 0 '' <Latency = 0> <II = 1> <Delay = 1.00> <Generic> <Opcode : >
ST_11 : Operation 145 [2/2] (0.00ns)   --->   "%call_ln115 = call void @tiled_conv_Pipeline_WEIGHT_KERNEL_HEIGHT_WEIGHT_KERNEL_WIDTH, i16 %wt, i63 %trunc_ln, i16 %conv_wt_buf_V_0_0" [utils.cpp:115]   --->   Operation 145 'call' 'call_ln115' <Predicate = true> <Delay = 0.00> <CoreType = "Generic">   --->   Core 0 '' <Latency = 0> <II = 1> <Delay = 1.00> <Generic> <Opcode : >

State 12 <SV = 11> <Delay = 0.00>
ST_12 : Operation 146 [1/2] (0.00ns)   --->   "%call_ln38 = call void @tiled_conv_Pipeline_INPUT_BUFFER_HEIGHT_INPUT_BUFFER_WIDTH, i16 %fm, i6 %empty_38, i3 %trunc_ln38_1, i16 %conv_in_buf_V_0, i3 %trunc_ln42, i6 %sub_ln42, i64 %input_feature_map_read" [utils.cpp:38]   --->   Operation 146 'call' 'call_ln38' <Predicate = true> <Delay = 0.00> <CoreType = "Generic">   --->   Core 0 '' <Latency = 0> <II = 1> <Delay = 1.00> <Generic> <Opcode : >
ST_12 : Operation 147 [1/2] (0.00ns)   --->   "%call_ln115 = call void @tiled_conv_Pipeline_WEIGHT_KERNEL_HEIGHT_WEIGHT_KERNEL_WIDTH, i16 %wt, i63 %trunc_ln, i16 %conv_wt_buf_V_0_0" [utils.cpp:115]   --->   Operation 147 'call' 'call_ln115' <Predicate = true> <Delay = 0.00> <CoreType = "Generic">   --->   Core 0 '' <Latency = 0> <II = 1> <Delay = 1.00> <Generic> <Opcode : >

State 13 <SV = 12> <Delay = 2.32>
ST_13 : Operation 148 [2/2] (2.32ns)   --->   "%conv_wt_buf_V_0_0_load = load i5 %conv_wt_buf_V_0_0_addr"   --->   Operation 148 'load' 'conv_wt_buf_V_0_0_load' <Predicate = true> <Delay = 2.32> <CoreInst = "RAM">   --->   Core 82 'RAM' <Latency = 1> <II = 1> <Delay = 2.32> <Storage> <Opcode : 'load' 'store'> <Ports = 2> <Width = 16> <Depth = 25> <RAM>

State 14 <SV = 13> <Delay = 2.32>
ST_14 : Operation 149 [1/2] (2.32ns)   --->   "%conv_wt_buf_V_0_0_load = load i5 %conv_wt_buf_V_0_0_addr"   --->   Operation 149 'load' 'conv_wt_buf_V_0_0_load' <Predicate = true> <Delay = 2.32> <CoreInst = "RAM">   --->   Core 82 'RAM' <Latency = 1> <II = 1> <Delay = 2.32> <Storage> <Opcode : 'load' 'store'> <Ports = 2> <Width = 16> <Depth = 25> <RAM>
ST_14 : Operation 150 [2/2] (2.32ns)   --->   "%conv_wt_buf_V_0_0_load_1 = load i5 %conv_wt_buf_V_0_0_addr_1"   --->   Operation 150 'load' 'conv_wt_buf_V_0_0_load_1' <Predicate = true> <Delay = 2.32> <CoreInst = "RAM">   --->   Core 82 'RAM' <Latency = 1> <II = 1> <Delay = 2.32> <Storage> <Opcode : 'load' 'store'> <Ports = 2> <Width = 16> <Depth = 25> <RAM>
ST_14 : Operation 151 [2/2] (2.32ns)   --->   "%conv_wt_buf_V_0_0_load_2 = load i5 %conv_wt_buf_V_0_0_addr_2"   --->   Operation 151 'load' 'conv_wt_buf_V_0_0_load_2' <Predicate = true> <Delay = 2.32> <CoreInst = "RAM">   --->   Core 82 'RAM' <Latency = 1> <II = 1> <Delay = 2.32> <Storage> <Opcode : 'load' 'store'> <Ports = 2> <Width = 16> <Depth = 25> <RAM>

State 15 <SV = 14> <Delay = 2.32>
ST_15 : Operation 152 [1/2] (2.32ns)   --->   "%conv_wt_buf_V_0_0_load_1 = load i5 %conv_wt_buf_V_0_0_addr_1"   --->   Operation 152 'load' 'conv_wt_buf_V_0_0_load_1' <Predicate = true> <Delay = 2.32> <CoreInst = "RAM">   --->   Core 82 'RAM' <Latency = 1> <II = 1> <Delay = 2.32> <Storage> <Opcode : 'load' 'store'> <Ports = 2> <Width = 16> <Depth = 25> <RAM>
ST_15 : Operation 153 [1/2] (2.32ns)   --->   "%conv_wt_buf_V_0_0_load_2 = load i5 %conv_wt_buf_V_0_0_addr_2"   --->   Operation 153 'load' 'conv_wt_buf_V_0_0_load_2' <Predicate = true> <Delay = 2.32> <CoreInst = "RAM">   --->   Core 82 'RAM' <Latency = 1> <II = 1> <Delay = 2.32> <Storage> <Opcode : 'load' 'store'> <Ports = 2> <Width = 16> <Depth = 25> <RAM>
ST_15 : Operation 154 [2/2] (2.32ns)   --->   "%conv_wt_buf_V_0_0_load_3 = load i5 %conv_wt_buf_V_0_0_addr_3"   --->   Operation 154 'load' 'conv_wt_buf_V_0_0_load_3' <Predicate = true> <Delay = 2.32> <CoreInst = "RAM">   --->   Core 82 'RAM' <Latency = 1> <II = 1> <Delay = 2.32> <Storage> <Opcode : 'load' 'store'> <Ports = 2> <Width = 16> <Depth = 25> <RAM>
ST_15 : Operation 155 [2/2] (2.32ns)   --->   "%conv_wt_buf_V_0_0_load_4 = load i5 %conv_wt_buf_V_0_0_addr_4"   --->   Operation 155 'load' 'conv_wt_buf_V_0_0_load_4' <Predicate = true> <Delay = 2.32> <CoreInst = "RAM">   --->   Core 82 'RAM' <Latency = 1> <II = 1> <Delay = 2.32> <Storage> <Opcode : 'load' 'store'> <Ports = 2> <Width = 16> <Depth = 25> <RAM>

State 16 <SV = 15> <Delay = 2.32>
ST_16 : Operation 156 [1/2] (2.32ns)   --->   "%conv_wt_buf_V_0_0_load_3 = load i5 %conv_wt_buf_V_0_0_addr_3"   --->   Operation 156 'load' 'conv_wt_buf_V_0_0_load_3' <Predicate = true> <Delay = 2.32> <CoreInst = "RAM">   --->   Core 82 'RAM' <Latency = 1> <II = 1> <Delay = 2.32> <Storage> <Opcode : 'load' 'store'> <Ports = 2> <Width = 16> <Depth = 25> <RAM>
ST_16 : Operation 157 [1/2] (2.32ns)   --->   "%conv_wt_buf_V_0_0_load_4 = load i5 %conv_wt_buf_V_0_0_addr_4"   --->   Operation 157 'load' 'conv_wt_buf_V_0_0_load_4' <Predicate = true> <Delay = 2.32> <CoreInst = "RAM">   --->   Core 82 'RAM' <Latency = 1> <II = 1> <Delay = 2.32> <Storage> <Opcode : 'load' 'store'> <Ports = 2> <Width = 16> <Depth = 25> <RAM>
ST_16 : Operation 158 [2/2] (2.32ns)   --->   "%conv_wt_buf_V_0_0_load_5 = load i5 %conv_wt_buf_V_0_0_addr_5"   --->   Operation 158 'load' 'conv_wt_buf_V_0_0_load_5' <Predicate = true> <Delay = 2.32> <CoreInst = "RAM">   --->   Core 82 'RAM' <Latency = 1> <II = 1> <Delay = 2.32> <Storage> <Opcode : 'load' 'store'> <Ports = 2> <Width = 16> <Depth = 25> <RAM>
ST_16 : Operation 159 [2/2] (2.32ns)   --->   "%conv_wt_buf_V_0_0_load_6 = load i5 %conv_wt_buf_V_0_0_addr_6"   --->   Operation 159 'load' 'conv_wt_buf_V_0_0_load_6' <Predicate = true> <Delay = 2.32> <CoreInst = "RAM">   --->   Core 82 'RAM' <Latency = 1> <II = 1> <Delay = 2.32> <Storage> <Opcode : 'load' 'store'> <Ports = 2> <Width = 16> <Depth = 25> <RAM>

State 17 <SV = 16> <Delay = 2.32>
ST_17 : Operation 160 [1/2] (2.32ns)   --->   "%conv_wt_buf_V_0_0_load_5 = load i5 %conv_wt_buf_V_0_0_addr_5"   --->   Operation 160 'load' 'conv_wt_buf_V_0_0_load_5' <Predicate = true> <Delay = 2.32> <CoreInst = "RAM">   --->   Core 82 'RAM' <Latency = 1> <II = 1> <Delay = 2.32> <Storage> <Opcode : 'load' 'store'> <Ports = 2> <Width = 16> <Depth = 25> <RAM>
ST_17 : Operation 161 [1/2] (2.32ns)   --->   "%conv_wt_buf_V_0_0_load_6 = load i5 %conv_wt_buf_V_0_0_addr_6"   --->   Operation 161 'load' 'conv_wt_buf_V_0_0_load_6' <Predicate = true> <Delay = 2.32> <CoreInst = "RAM">   --->   Core 82 'RAM' <Latency = 1> <II = 1> <Delay = 2.32> <Storage> <Opcode : 'load' 'store'> <Ports = 2> <Width = 16> <Depth = 25> <RAM>
ST_17 : Operation 162 [2/2] (2.32ns)   --->   "%conv_wt_buf_V_0_0_load_7 = load i5 %conv_wt_buf_V_0_0_addr_7"   --->   Operation 162 'load' 'conv_wt_buf_V_0_0_load_7' <Predicate = true> <Delay = 2.32> <CoreInst = "RAM">   --->   Core 82 'RAM' <Latency = 1> <II = 1> <Delay = 2.32> <Storage> <Opcode : 'load' 'store'> <Ports = 2> <Width = 16> <Depth = 25> <RAM>
ST_17 : Operation 163 [2/2] (2.32ns)   --->   "%conv_wt_buf_V_0_0_load_8 = load i5 %conv_wt_buf_V_0_0_addr_8"   --->   Operation 163 'load' 'conv_wt_buf_V_0_0_load_8' <Predicate = true> <Delay = 2.32> <CoreInst = "RAM">   --->   Core 82 'RAM' <Latency = 1> <II = 1> <Delay = 2.32> <Storage> <Opcode : 'load' 'store'> <Ports = 2> <Width = 16> <Depth = 25> <RAM>

State 18 <SV = 17> <Delay = 2.32>
ST_18 : Operation 164 [1/2] (2.32ns)   --->   "%conv_wt_buf_V_0_0_load_7 = load i5 %conv_wt_buf_V_0_0_addr_7"   --->   Operation 164 'load' 'conv_wt_buf_V_0_0_load_7' <Predicate = true> <Delay = 2.32> <CoreInst = "RAM">   --->   Core 82 'RAM' <Latency = 1> <II = 1> <Delay = 2.32> <Storage> <Opcode : 'load' 'store'> <Ports = 2> <Width = 16> <Depth = 25> <RAM>
ST_18 : Operation 165 [1/2] (2.32ns)   --->   "%conv_wt_buf_V_0_0_load_8 = load i5 %conv_wt_buf_V_0_0_addr_8"   --->   Operation 165 'load' 'conv_wt_buf_V_0_0_load_8' <Predicate = true> <Delay = 2.32> <CoreInst = "RAM">   --->   Core 82 'RAM' <Latency = 1> <II = 1> <Delay = 2.32> <Storage> <Opcode : 'load' 'store'> <Ports = 2> <Width = 16> <Depth = 25> <RAM>
ST_18 : Operation 166 [2/2] (2.32ns)   --->   "%conv_wt_buf_V_0_0_load_9 = load i5 %conv_wt_buf_V_0_0_addr_9"   --->   Operation 166 'load' 'conv_wt_buf_V_0_0_load_9' <Predicate = true> <Delay = 2.32> <CoreInst = "RAM">   --->   Core 82 'RAM' <Latency = 1> <II = 1> <Delay = 2.32> <Storage> <Opcode : 'load' 'store'> <Ports = 2> <Width = 16> <Depth = 25> <RAM>
ST_18 : Operation 167 [2/2] (2.32ns)   --->   "%conv_wt_buf_V_0_0_load_10 = load i5 %conv_wt_buf_V_0_0_addr_10"   --->   Operation 167 'load' 'conv_wt_buf_V_0_0_load_10' <Predicate = true> <Delay = 2.32> <CoreInst = "RAM">   --->   Core 82 'RAM' <Latency = 1> <II = 1> <Delay = 2.32> <Storage> <Opcode : 'load' 'store'> <Ports = 2> <Width = 16> <Depth = 25> <RAM>

State 19 <SV = 18> <Delay = 2.32>
ST_19 : Operation 168 [1/2] (2.32ns)   --->   "%conv_wt_buf_V_0_0_load_9 = load i5 %conv_wt_buf_V_0_0_addr_9"   --->   Operation 168 'load' 'conv_wt_buf_V_0_0_load_9' <Predicate = true> <Delay = 2.32> <CoreInst = "RAM">   --->   Core 82 'RAM' <Latency = 1> <II = 1> <Delay = 2.32> <Storage> <Opcode : 'load' 'store'> <Ports = 2> <Width = 16> <Depth = 25> <RAM>
ST_19 : Operation 169 [1/2] (2.32ns)   --->   "%conv_wt_buf_V_0_0_load_10 = load i5 %conv_wt_buf_V_0_0_addr_10"   --->   Operation 169 'load' 'conv_wt_buf_V_0_0_load_10' <Predicate = true> <Delay = 2.32> <CoreInst = "RAM">   --->   Core 82 'RAM' <Latency = 1> <II = 1> <Delay = 2.32> <Storage> <Opcode : 'load' 'store'> <Ports = 2> <Width = 16> <Depth = 25> <RAM>
ST_19 : Operation 170 [2/2] (2.32ns)   --->   "%conv_wt_buf_V_0_0_load_11 = load i5 %conv_wt_buf_V_0_0_addr_11"   --->   Operation 170 'load' 'conv_wt_buf_V_0_0_load_11' <Predicate = true> <Delay = 2.32> <CoreInst = "RAM">   --->   Core 82 'RAM' <Latency = 1> <II = 1> <Delay = 2.32> <Storage> <Opcode : 'load' 'store'> <Ports = 2> <Width = 16> <Depth = 25> <RAM>
ST_19 : Operation 171 [2/2] (2.32ns)   --->   "%conv_wt_buf_V_0_0_load_12 = load i5 %conv_wt_buf_V_0_0_addr_12"   --->   Operation 171 'load' 'conv_wt_buf_V_0_0_load_12' <Predicate = true> <Delay = 2.32> <CoreInst = "RAM">   --->   Core 82 'RAM' <Latency = 1> <II = 1> <Delay = 2.32> <Storage> <Opcode : 'load' 'store'> <Ports = 2> <Width = 16> <Depth = 25> <RAM>

State 20 <SV = 19> <Delay = 2.32>
ST_20 : Operation 172 [1/2] (2.32ns)   --->   "%conv_wt_buf_V_0_0_load_11 = load i5 %conv_wt_buf_V_0_0_addr_11"   --->   Operation 172 'load' 'conv_wt_buf_V_0_0_load_11' <Predicate = true> <Delay = 2.32> <CoreInst = "RAM">   --->   Core 82 'RAM' <Latency = 1> <II = 1> <Delay = 2.32> <Storage> <Opcode : 'load' 'store'> <Ports = 2> <Width = 16> <Depth = 25> <RAM>
ST_20 : Operation 173 [1/2] (2.32ns)   --->   "%conv_wt_buf_V_0_0_load_12 = load i5 %conv_wt_buf_V_0_0_addr_12"   --->   Operation 173 'load' 'conv_wt_buf_V_0_0_load_12' <Predicate = true> <Delay = 2.32> <CoreInst = "RAM">   --->   Core 82 'RAM' <Latency = 1> <II = 1> <Delay = 2.32> <Storage> <Opcode : 'load' 'store'> <Ports = 2> <Width = 16> <Depth = 25> <RAM>
ST_20 : Operation 174 [2/2] (2.32ns)   --->   "%conv_wt_buf_V_0_0_load_13 = load i5 %conv_wt_buf_V_0_0_addr_13"   --->   Operation 174 'load' 'conv_wt_buf_V_0_0_load_13' <Predicate = true> <Delay = 2.32> <CoreInst = "RAM">   --->   Core 82 'RAM' <Latency = 1> <II = 1> <Delay = 2.32> <Storage> <Opcode : 'load' 'store'> <Ports = 2> <Width = 16> <Depth = 25> <RAM>
ST_20 : Operation 175 [2/2] (2.32ns)   --->   "%conv_wt_buf_V_0_0_load_14 = load i5 %conv_wt_buf_V_0_0_addr_14"   --->   Operation 175 'load' 'conv_wt_buf_V_0_0_load_14' <Predicate = true> <Delay = 2.32> <CoreInst = "RAM">   --->   Core 82 'RAM' <Latency = 1> <II = 1> <Delay = 2.32> <Storage> <Opcode : 'load' 'store'> <Ports = 2> <Width = 16> <Depth = 25> <RAM>

State 21 <SV = 20> <Delay = 2.32>
ST_21 : Operation 176 [1/2] (2.32ns)   --->   "%conv_wt_buf_V_0_0_load_13 = load i5 %conv_wt_buf_V_0_0_addr_13"   --->   Operation 176 'load' 'conv_wt_buf_V_0_0_load_13' <Predicate = true> <Delay = 2.32> <CoreInst = "RAM">   --->   Core 82 'RAM' <Latency = 1> <II = 1> <Delay = 2.32> <Storage> <Opcode : 'load' 'store'> <Ports = 2> <Width = 16> <Depth = 25> <RAM>
ST_21 : Operation 177 [1/2] (2.32ns)   --->   "%conv_wt_buf_V_0_0_load_14 = load i5 %conv_wt_buf_V_0_0_addr_14"   --->   Operation 177 'load' 'conv_wt_buf_V_0_0_load_14' <Predicate = true> <Delay = 2.32> <CoreInst = "RAM">   --->   Core 82 'RAM' <Latency = 1> <II = 1> <Delay = 2.32> <Storage> <Opcode : 'load' 'store'> <Ports = 2> <Width = 16> <Depth = 25> <RAM>
ST_21 : Operation 178 [2/2] (2.32ns)   --->   "%conv_wt_buf_V_0_0_load_15 = load i5 %conv_wt_buf_V_0_0_addr_15"   --->   Operation 178 'load' 'conv_wt_buf_V_0_0_load_15' <Predicate = true> <Delay = 2.32> <CoreInst = "RAM">   --->   Core 82 'RAM' <Latency = 1> <II = 1> <Delay = 2.32> <Storage> <Opcode : 'load' 'store'> <Ports = 2> <Width = 16> <Depth = 25> <RAM>
ST_21 : Operation 179 [2/2] (2.32ns)   --->   "%conv_wt_buf_V_0_0_load_16 = load i5 %conv_wt_buf_V_0_0_addr_16"   --->   Operation 179 'load' 'conv_wt_buf_V_0_0_load_16' <Predicate = true> <Delay = 2.32> <CoreInst = "RAM">   --->   Core 82 'RAM' <Latency = 1> <II = 1> <Delay = 2.32> <Storage> <Opcode : 'load' 'store'> <Ports = 2> <Width = 16> <Depth = 25> <RAM>

State 22 <SV = 21> <Delay = 2.32>
ST_22 : Operation 180 [1/2] (2.32ns)   --->   "%conv_wt_buf_V_0_0_load_15 = load i5 %conv_wt_buf_V_0_0_addr_15"   --->   Operation 180 'load' 'conv_wt_buf_V_0_0_load_15' <Predicate = true> <Delay = 2.32> <CoreInst = "RAM">   --->   Core 82 'RAM' <Latency = 1> <II = 1> <Delay = 2.32> <Storage> <Opcode : 'load' 'store'> <Ports = 2> <Width = 16> <Depth = 25> <RAM>
ST_22 : Operation 181 [1/2] (2.32ns)   --->   "%conv_wt_buf_V_0_0_load_16 = load i5 %conv_wt_buf_V_0_0_addr_16"   --->   Operation 181 'load' 'conv_wt_buf_V_0_0_load_16' <Predicate = true> <Delay = 2.32> <CoreInst = "RAM">   --->   Core 82 'RAM' <Latency = 1> <II = 1> <Delay = 2.32> <Storage> <Opcode : 'load' 'store'> <Ports = 2> <Width = 16> <Depth = 25> <RAM>
ST_22 : Operation 182 [2/2] (2.32ns)   --->   "%conv_wt_buf_V_0_0_load_17 = load i5 %conv_wt_buf_V_0_0_addr_17"   --->   Operation 182 'load' 'conv_wt_buf_V_0_0_load_17' <Predicate = true> <Delay = 2.32> <CoreInst = "RAM">   --->   Core 82 'RAM' <Latency = 1> <II = 1> <Delay = 2.32> <Storage> <Opcode : 'load' 'store'> <Ports = 2> <Width = 16> <Depth = 25> <RAM>
ST_22 : Operation 183 [2/2] (2.32ns)   --->   "%conv_wt_buf_V_0_0_load_18 = load i5 %conv_wt_buf_V_0_0_addr_18"   --->   Operation 183 'load' 'conv_wt_buf_V_0_0_load_18' <Predicate = true> <Delay = 2.32> <CoreInst = "RAM">   --->   Core 82 'RAM' <Latency = 1> <II = 1> <Delay = 2.32> <Storage> <Opcode : 'load' 'store'> <Ports = 2> <Width = 16> <Depth = 25> <RAM>

State 23 <SV = 22> <Delay = 2.32>
ST_23 : Operation 184 [1/2] (2.32ns)   --->   "%conv_wt_buf_V_0_0_load_17 = load i5 %conv_wt_buf_V_0_0_addr_17"   --->   Operation 184 'load' 'conv_wt_buf_V_0_0_load_17' <Predicate = true> <Delay = 2.32> <CoreInst = "RAM">   --->   Core 82 'RAM' <Latency = 1> <II = 1> <Delay = 2.32> <Storage> <Opcode : 'load' 'store'> <Ports = 2> <Width = 16> <Depth = 25> <RAM>
ST_23 : Operation 185 [1/2] (2.32ns)   --->   "%conv_wt_buf_V_0_0_load_18 = load i5 %conv_wt_buf_V_0_0_addr_18"   --->   Operation 185 'load' 'conv_wt_buf_V_0_0_load_18' <Predicate = true> <Delay = 2.32> <CoreInst = "RAM">   --->   Core 82 'RAM' <Latency = 1> <II = 1> <Delay = 2.32> <Storage> <Opcode : 'load' 'store'> <Ports = 2> <Width = 16> <Depth = 25> <RAM>
ST_23 : Operation 186 [2/2] (2.32ns)   --->   "%conv_wt_buf_V_0_0_load_19 = load i5 %conv_wt_buf_V_0_0_addr_19"   --->   Operation 186 'load' 'conv_wt_buf_V_0_0_load_19' <Predicate = true> <Delay = 2.32> <CoreInst = "RAM">   --->   Core 82 'RAM' <Latency = 1> <II = 1> <Delay = 2.32> <Storage> <Opcode : 'load' 'store'> <Ports = 2> <Width = 16> <Depth = 25> <RAM>
ST_23 : Operation 187 [2/2] (2.32ns)   --->   "%conv_wt_buf_V_0_0_load_20 = load i5 %conv_wt_buf_V_0_0_addr_20"   --->   Operation 187 'load' 'conv_wt_buf_V_0_0_load_20' <Predicate = true> <Delay = 2.32> <CoreInst = "RAM">   --->   Core 82 'RAM' <Latency = 1> <II = 1> <Delay = 2.32> <Storage> <Opcode : 'load' 'store'> <Ports = 2> <Width = 16> <Depth = 25> <RAM>

State 24 <SV = 23> <Delay = 2.32>
ST_24 : Operation 188 [1/2] (2.32ns)   --->   "%conv_wt_buf_V_0_0_load_19 = load i5 %conv_wt_buf_V_0_0_addr_19"   --->   Operation 188 'load' 'conv_wt_buf_V_0_0_load_19' <Predicate = true> <Delay = 2.32> <CoreInst = "RAM">   --->   Core 82 'RAM' <Latency = 1> <II = 1> <Delay = 2.32> <Storage> <Opcode : 'load' 'store'> <Ports = 2> <Width = 16> <Depth = 25> <RAM>
ST_24 : Operation 189 [1/2] (2.32ns)   --->   "%conv_wt_buf_V_0_0_load_20 = load i5 %conv_wt_buf_V_0_0_addr_20"   --->   Operation 189 'load' 'conv_wt_buf_V_0_0_load_20' <Predicate = true> <Delay = 2.32> <CoreInst = "RAM">   --->   Core 82 'RAM' <Latency = 1> <II = 1> <Delay = 2.32> <Storage> <Opcode : 'load' 'store'> <Ports = 2> <Width = 16> <Depth = 25> <RAM>
ST_24 : Operation 190 [2/2] (2.32ns)   --->   "%conv_wt_buf_V_0_0_load_21 = load i5 %conv_wt_buf_V_0_0_addr_21"   --->   Operation 190 'load' 'conv_wt_buf_V_0_0_load_21' <Predicate = true> <Delay = 2.32> <CoreInst = "RAM">   --->   Core 82 'RAM' <Latency = 1> <II = 1> <Delay = 2.32> <Storage> <Opcode : 'load' 'store'> <Ports = 2> <Width = 16> <Depth = 25> <RAM>
ST_24 : Operation 191 [2/2] (2.32ns)   --->   "%conv_wt_buf_V_0_0_load_22 = load i5 %conv_wt_buf_V_0_0_addr_22"   --->   Operation 191 'load' 'conv_wt_buf_V_0_0_load_22' <Predicate = true> <Delay = 2.32> <CoreInst = "RAM">   --->   Core 82 'RAM' <Latency = 1> <II = 1> <Delay = 2.32> <Storage> <Opcode : 'load' 'store'> <Ports = 2> <Width = 16> <Depth = 25> <RAM>

State 25 <SV = 24> <Delay = 2.32>
ST_25 : Operation 192 [1/2] (2.32ns)   --->   "%conv_wt_buf_V_0_0_load_21 = load i5 %conv_wt_buf_V_0_0_addr_21"   --->   Operation 192 'load' 'conv_wt_buf_V_0_0_load_21' <Predicate = true> <Delay = 2.32> <CoreInst = "RAM">   --->   Core 82 'RAM' <Latency = 1> <II = 1> <Delay = 2.32> <Storage> <Opcode : 'load' 'store'> <Ports = 2> <Width = 16> <Depth = 25> <RAM>
ST_25 : Operation 193 [1/2] (2.32ns)   --->   "%conv_wt_buf_V_0_0_load_22 = load i5 %conv_wt_buf_V_0_0_addr_22"   --->   Operation 193 'load' 'conv_wt_buf_V_0_0_load_22' <Predicate = true> <Delay = 2.32> <CoreInst = "RAM">   --->   Core 82 'RAM' <Latency = 1> <II = 1> <Delay = 2.32> <Storage> <Opcode : 'load' 'store'> <Ports = 2> <Width = 16> <Depth = 25> <RAM>
ST_25 : Operation 194 [2/2] (2.32ns)   --->   "%conv_wt_buf_V_0_0_load_23 = load i5 %conv_wt_buf_V_0_0_addr_23"   --->   Operation 194 'load' 'conv_wt_buf_V_0_0_load_23' <Predicate = true> <Delay = 2.32> <CoreInst = "RAM">   --->   Core 82 'RAM' <Latency = 1> <II = 1> <Delay = 2.32> <Storage> <Opcode : 'load' 'store'> <Ports = 2> <Width = 16> <Depth = 25> <RAM>
ST_25 : Operation 195 [2/2] (2.32ns)   --->   "%conv_wt_buf_V_0_0_load_24 = load i5 %conv_wt_buf_V_0_0_addr_24"   --->   Operation 195 'load' 'conv_wt_buf_V_0_0_load_24' <Predicate = true> <Delay = 2.32> <CoreInst = "RAM">   --->   Core 82 'RAM' <Latency = 1> <II = 1> <Delay = 2.32> <Storage> <Opcode : 'load' 'store'> <Ports = 2> <Width = 16> <Depth = 25> <RAM>

State 26 <SV = 25> <Delay = 2.32>
ST_26 : Operation 196 [1/2] (2.32ns)   --->   "%conv_wt_buf_V_0_0_load_23 = load i5 %conv_wt_buf_V_0_0_addr_23"   --->   Operation 196 'load' 'conv_wt_buf_V_0_0_load_23' <Predicate = true> <Delay = 2.32> <CoreInst = "RAM">   --->   Core 82 'RAM' <Latency = 1> <II = 1> <Delay = 2.32> <Storage> <Opcode : 'load' 'store'> <Ports = 2> <Width = 16> <Depth = 25> <RAM>
ST_26 : Operation 197 [1/2] (2.32ns)   --->   "%conv_wt_buf_V_0_0_load_24 = load i5 %conv_wt_buf_V_0_0_addr_24"   --->   Operation 197 'load' 'conv_wt_buf_V_0_0_load_24' <Predicate = true> <Delay = 2.32> <CoreInst = "RAM">   --->   Core 82 'RAM' <Latency = 1> <II = 1> <Delay = 2.32> <Storage> <Opcode : 'load' 'store'> <Ports = 2> <Width = 16> <Depth = 25> <RAM>
ST_26 : Operation 198 [2/2] (0.00ns)   --->   "%call_ln1317 = call void @tiled_conv_Pipeline_VITIS_LOOP_37_2_VITIS_LOOP_39_3, i16 %conv_in_buf_V_0, i15 %conv_out_buf_V_0, i16 %conv_wt_buf_V_0_0_load, i16 %conv_wt_buf_V_0_0_load_1, i16 %conv_wt_buf_V_0_0_load_2, i16 %conv_wt_buf_V_0_0_load_3, i16 %conv_wt_buf_V_0_0_load_4, i16 %conv_wt_buf_V_0_0_load_5, i16 %conv_wt_buf_V_0_0_load_6, i16 %conv_wt_buf_V_0_0_load_7, i16 %conv_wt_buf_V_0_0_load_8, i16 %conv_wt_buf_V_0_0_load_9, i16 %conv_wt_buf_V_0_0_load_10, i16 %conv_wt_buf_V_0_0_load_11, i16 %conv_wt_buf_V_0_0_load_12, i16 %conv_wt_buf_V_0_0_load_13, i16 %conv_wt_buf_V_0_0_load_14, i16 %conv_wt_buf_V_0_0_load_15, i16 %conv_wt_buf_V_0_0_load_16, i16 %conv_wt_buf_V_0_0_load_17, i16 %conv_wt_buf_V_0_0_load_18, i16 %conv_wt_buf_V_0_0_load_19, i16 %conv_wt_buf_V_0_0_load_20, i16 %conv_wt_buf_V_0_0_load_21, i16 %conv_wt_buf_V_0_0_load_22, i16 %conv_wt_buf_V_0_0_load_23, i16 %conv_wt_buf_V_0_0_load_24"   --->   Operation 198 'call' 'call_ln1317' <Predicate = true> <Delay = 0.00> <CoreType = "Generic">   --->   Core 0 '' <Latency = 0> <II = 1> <Delay = 1.00> <Generic> <Opcode : >

State 27 <SV = 26> <Delay = 0.00>
ST_27 : Operation 199 [1/2] (0.00ns)   --->   "%call_ln1317 = call void @tiled_conv_Pipeline_VITIS_LOOP_37_2_VITIS_LOOP_39_3, i16 %conv_in_buf_V_0, i15 %conv_out_buf_V_0, i16 %conv_wt_buf_V_0_0_load, i16 %conv_wt_buf_V_0_0_load_1, i16 %conv_wt_buf_V_0_0_load_2, i16 %conv_wt_buf_V_0_0_load_3, i16 %conv_wt_buf_V_0_0_load_4, i16 %conv_wt_buf_V_0_0_load_5, i16 %conv_wt_buf_V_0_0_load_6, i16 %conv_wt_buf_V_0_0_load_7, i16 %conv_wt_buf_V_0_0_load_8, i16 %conv_wt_buf_V_0_0_load_9, i16 %conv_wt_buf_V_0_0_load_10, i16 %conv_wt_buf_V_0_0_load_11, i16 %conv_wt_buf_V_0_0_load_12, i16 %conv_wt_buf_V_0_0_load_13, i16 %conv_wt_buf_V_0_0_load_14, i16 %conv_wt_buf_V_0_0_load_15, i16 %conv_wt_buf_V_0_0_load_16, i16 %conv_wt_buf_V_0_0_load_17, i16 %conv_wt_buf_V_0_0_load_18, i16 %conv_wt_buf_V_0_0_load_19, i16 %conv_wt_buf_V_0_0_load_20, i16 %conv_wt_buf_V_0_0_load_21, i16 %conv_wt_buf_V_0_0_load_22, i16 %conv_wt_buf_V_0_0_load_23, i16 %conv_wt_buf_V_0_0_load_24"   --->   Operation 199 'call' 'call_ln1317' <Predicate = true> <Delay = 0.00> <CoreType = "Generic">   --->   Core 0 '' <Latency = 0> <II = 1> <Delay = 1.00> <Generic> <Opcode : >

State 28 <SV = 27> <Delay = 0.00>
ST_28 : Operation 200 [2/2] (0.00ns)   --->   "%call_ln0 = call void @tiled_conv_Pipeline_VITIS_LOOP_69_2_VITIS_LOOP_70_3, i15 %max_pool_out_buf_V_0, i15 %conv_out_buf_V_0"   --->   Operation 200 'call' 'call_ln0' <Predicate = true> <Delay = 0.00> <CoreType = "Generic">   --->   Core 0 '' <Latency = 0> <II = 1> <Delay = 1.00> <Generic> <Opcode : >

State 29 <SV = 28> <Delay = 0.00>
ST_29 : Operation 201 [1/2] (0.00ns)   --->   "%call_ln0 = call void @tiled_conv_Pipeline_VITIS_LOOP_69_2_VITIS_LOOP_70_3, i15 %max_pool_out_buf_V_0, i15 %conv_out_buf_V_0"   --->   Operation 201 'call' 'call_ln0' <Predicate = true> <Delay = 0.00> <CoreType = "Generic">   --->   Core 0 '' <Latency = 0> <II = 1> <Delay = 1.00> <Generic> <Opcode : >

State 30 <SV = 29> <Delay = 0.00>
ST_30 : Operation 202 [2/2] (0.00ns)   --->   "%call_ln0 = call void @tiled_conv_Pipeline_VITIS_LOOP_92_2_VITIS_LOOP_93_3, i15 %max_pool_out_buf_V_0, i32 %p_lcssa_lcssa_lcssa147"   --->   Operation 202 'call' 'call_ln0' <Predicate = true> <Delay = 0.00> <CoreType = "Generic">   --->   Core 0 '' <Latency = 0> <II = 1> <Delay = 1.00> <Generic> <Opcode : >

State 31 <SV = 30> <Delay = 0.00>
ST_31 : Operation 203 [1/2] (0.00ns)   --->   "%call_ln0 = call void @tiled_conv_Pipeline_VITIS_LOOP_92_2_VITIS_LOOP_93_3, i15 %max_pool_out_buf_V_0, i32 %p_lcssa_lcssa_lcssa147"   --->   Operation 203 'call' 'call_ln0' <Predicate = true> <Delay = 0.00> <CoreType = "Generic">   --->   Core 0 '' <Latency = 0> <II = 1> <Delay = 1.00> <Generic> <Opcode : >

State 32 <SV = 31> <Delay = 1.73>
ST_32 : Operation 204 [1/1] (0.00ns)   --->   "%zext_ln68 = zext i3 %tj" [tiled_conv.cpp:68]   --->   Operation 204 'zext' 'zext_ln68' <Predicate = true> <Delay = 0.00>
ST_32 : Operation 205 [1/1] (0.00ns)   --->   "%shl_ln3 = bitconcatenate i4 @_ssdm_op_BitConcatenate.i4.i2.i2, i2 %trunc_ln28, i2 0" [utils.cpp:181]   --->   Operation 205 'bitconcatenate' 'shl_ln3' <Predicate = true> <Delay = 0.00>
ST_32 : Operation 206 [1/1] (0.00ns)   --->   "%zext_ln181 = zext i4 %shl_ln3" [utils.cpp:181]   --->   Operation 206 'zext' 'zext_ln181' <Predicate = true> <Delay = 0.00>
ST_32 : Operation 207 [1/1] (1.73ns)   --->   "%sub_ln181 = sub i5 %zext_ln181, i5 %zext_ln68" [utils.cpp:181]   --->   Operation 207 'sub' 'sub_ln181' <Predicate = true> <Delay = 1.73> <CoreInst = "Adder">   --->   Core 1 'Adder' <Latency = 0> <II = 1> <Delay = 1.73> <FuncUnit> <Opcode : 'add' 'sub'> <InPorts = 2> <OutPorts = 1>
ST_32 : Operation 208 [2/2] (0.00ns)   --->   "%call_ln38 = call void @tiled_conv_Pipeline_OUTPUT_BUFFER_HEIGHT_OUTPUT_BUFFER_WIDTH, i4 %trunc_ln38, i15 %max_pool_out_buf_V_0, i5 %sub_ln181, i15 %layer1_output_V" [utils.cpp:38]   --->   Operation 208 'call' 'call_ln38' <Predicate = true> <Delay = 0.00> <CoreType = "Generic">   --->   Core 0 '' <Latency = 0> <II = 1> <Delay = 1.00> <Generic> <Opcode : >

State 33 <SV = 32> <Delay = 0.00>
ST_33 : Operation 209 [1/1] (0.00ns)   --->   "%specloopname_ln68 = specloopname void @_ssdm_op_SpecLoopName, void @empty_8" [tiled_conv.cpp:68]   --->   Operation 209 'specloopname' 'specloopname_ln68' <Predicate = true> <Delay = 0.00>
ST_33 : Operation 210 [1/2] (0.00ns)   --->   "%call_ln38 = call void @tiled_conv_Pipeline_OUTPUT_BUFFER_HEIGHT_OUTPUT_BUFFER_WIDTH, i4 %trunc_ln38, i15 %max_pool_out_buf_V_0, i5 %sub_ln181, i15 %layer1_output_V" [utils.cpp:38]   --->   Operation 210 'call' 'call_ln38' <Predicate = true> <Delay = 0.00> <CoreType = "Generic">   --->   Core 0 '' <Latency = 0> <II = 1> <Delay = 1.00> <Generic> <Opcode : >
ST_33 : Operation 211 [1/1] (0.00ns)   --->   "%br_ln68 = br void %VITIS_LOOP_83_1" [tiled_conv.cpp:68]   --->   Operation 211 'br' 'br_ln68' <Predicate = true> <Delay = 0.00>

State 34 <SV = 3> <Delay = 0.00>
ST_34 : Operation 212 [1/2] (0.00ns)   --->   "%call_ln65 = call void @tiled_conv_Pipeline_VITIS_LOOP_94_2_VITIS_LOOP_96_3, i5 %empty_39, i15 %layer1_output_V, i15 %linear_input_V" [tiled_conv.cpp:65]   --->   Operation 212 'call' 'call_ln65' <Predicate = true> <Delay = 0.00> <CoreType = "Generic">   --->   Core 0 '' <Latency = 0> <II = 1> <Delay = 1.00> <Generic> <Opcode : >
ST_34 : Operation 213 [1/1] (0.00ns)   --->   "%br_ln65 = br void %TILE_COL" [tiled_conv.cpp:65]   --->   Operation 213 'br' 'br_ln65' <Predicate = true> <Delay = 0.00>

State 35 <SV = 2> <Delay = 7.30>
ST_35 : Operation 214 [1/1] (0.00ns)   --->   "%sext_ln109 = sext i63 %trunc_ln1" [conv_7x7.cpp:109]   --->   Operation 214 'sext' 'sext_ln109' <Predicate = true> <Delay = 0.00>
ST_35 : Operation 215 [1/1] (0.00ns)   --->   "%fm_addr = getelementptr i16 %fm, i64 %sext_ln109" [conv_7x7.cpp:109]   --->   Operation 215 'getelementptr' 'fm_addr' <Predicate = true> <Delay = 0.00>
ST_35 : Operation 216 [1/1] (7.30ns)   --->   "%empty_42 = writereq i1 @_ssdm_op_WriteReq.m_axi.p1i16, i16 %fm_addr, i32 10" [conv_7x7.cpp:109]   --->   Operation 216 'writereq' 'empty_42' <Predicate = true> <Delay = 7.30> <CoreInst = "m_axi">   --->   Core 113 'm_axi' <Latency = 0> <II = 1> <Delay = 1.00> <Adapter> <Opcode : 'read' 'write' 'readreq' 'writereq' 'writeresp'>

State 36 <SV = 3> <Delay = 0.00>
ST_36 : Operation 217 [2/2] (0.00ns)   --->   "%call_ln109 = call void @tiled_conv_Pipeline_VITIS_LOOP_109_1_VITIS_LOOP_111_2, i16 %wt, i16 %fm, i63 %trunc_ln1, i64 %linear_weights_read, i15 %linear_input_V" [conv_7x7.cpp:109]   --->   Operation 217 'call' 'call_ln109' <Predicate = true> <Delay = 0.00> <CoreType = "Generic">   --->   Core 0 '' <Latency = 0> <II = 1> <Delay = 1.00> <Generic> <Opcode : >

State 37 <SV = 4> <Delay = 0.00>
ST_37 : Operation 218 [1/2] (0.00ns)   --->   "%call_ln109 = call void @tiled_conv_Pipeline_VITIS_LOOP_109_1_VITIS_LOOP_111_2, i16 %wt, i16 %fm, i63 %trunc_ln1, i64 %linear_weights_read, i15 %linear_input_V" [conv_7x7.cpp:109]   --->   Operation 218 'call' 'call_ln109' <Predicate = true> <Delay = 0.00> <CoreType = "Generic">   --->   Core 0 '' <Latency = 0> <II = 1> <Delay = 1.00> <Generic> <Opcode : >

State 38 <SV = 5> <Delay = 7.30>
ST_38 : Operation 219 [5/5] (7.30ns)   --->   "%empty_43 = writeresp i1 @_ssdm_op_WriteResp.m_axi.p1i16, i16 %fm_addr" [tiled_conv.cpp:103]   --->   Operation 219 'writeresp' 'empty_43' <Predicate = true> <Delay = 7.30> <CoreInst = "m_axi">   --->   Core 113 'm_axi' <Latency = 0> <II = 1> <Delay = 1.00> <Adapter> <Opcode : 'read' 'write' 'readreq' 'writereq' 'writeresp'>

State 39 <SV = 6> <Delay = 7.30>
ST_39 : Operation 220 [4/5] (7.30ns)   --->   "%empty_43 = writeresp i1 @_ssdm_op_WriteResp.m_axi.p1i16, i16 %fm_addr" [tiled_conv.cpp:103]   --->   Operation 220 'writeresp' 'empty_43' <Predicate = true> <Delay = 7.30> <CoreInst = "m_axi">   --->   Core 113 'm_axi' <Latency = 0> <II = 1> <Delay = 1.00> <Adapter> <Opcode : 'read' 'write' 'readreq' 'writereq' 'writeresp'>

State 40 <SV = 7> <Delay = 7.30>
ST_40 : Operation 221 [3/5] (7.30ns)   --->   "%empty_43 = writeresp i1 @_ssdm_op_WriteResp.m_axi.p1i16, i16 %fm_addr" [tiled_conv.cpp:103]   --->   Operation 221 'writeresp' 'empty_43' <Predicate = true> <Delay = 7.30> <CoreInst = "m_axi">   --->   Core 113 'm_axi' <Latency = 0> <II = 1> <Delay = 1.00> <Adapter> <Opcode : 'read' 'write' 'readreq' 'writereq' 'writeresp'>

State 41 <SV = 8> <Delay = 7.30>
ST_41 : Operation 222 [2/5] (7.30ns)   --->   "%empty_43 = writeresp i1 @_ssdm_op_WriteResp.m_axi.p1i16, i16 %fm_addr" [tiled_conv.cpp:103]   --->   Operation 222 'writeresp' 'empty_43' <Predicate = true> <Delay = 7.30> <CoreInst = "m_axi">   --->   Core 113 'm_axi' <Latency = 0> <II = 1> <Delay = 1.00> <Adapter> <Opcode : 'read' 'write' 'readreq' 'writereq' 'writeresp'>

State 42 <SV = 9> <Delay = 7.30>
ST_42 : Operation 223 [1/1] (0.00ns)   --->   "%p_lcssa_lcssa_lcssa147_load = load i32 %p_lcssa_lcssa_lcssa147" [utils.cpp:210]   --->   Operation 223 'load' 'p_lcssa_lcssa_lcssa147_load' <Predicate = true> <Delay = 0.00>
ST_42 : Operation 224 [1/1] (0.00ns)   --->   "%store_ln210 = store i32 %p_lcssa_lcssa_lcssa147_load, i32 %lfsr_V" [utils.cpp:210]   --->   Operation 224 'store' 'store_ln210' <Predicate = true> <Delay = 0.00>
ST_42 : Operation 225 [1/5] (7.30ns)   --->   "%empty_43 = writeresp i1 @_ssdm_op_WriteResp.m_axi.p1i16, i16 %fm_addr" [tiled_conv.cpp:103]   --->   Operation 225 'writeresp' 'empty_43' <Predicate = true> <Delay = 7.30> <CoreInst = "m_axi">   --->   Core 113 'm_axi' <Latency = 0> <II = 1> <Delay = 1.00> <Adapter> <Opcode : 'read' 'write' 'readreq' 'writereq' 'writeresp'>
ST_42 : Operation 226 [1/1] (0.00ns)   --->   "%ret_ln103 = ret" [tiled_conv.cpp:103]   --->   Operation 226 'ret' 'ret_ln103' <Predicate = true> <Delay = 0.00>


============================================================
+ Verbose Summary: Timing violations
============================================================
Target clock period: 10ns, clock uncertainty: 2.7ns.

 <State 1>: 2.32ns
The critical path consists of the following:
	'alloca' operation ('conv_out_buf.V[0]', tiled_conv.cpp:55) [55]  (0 ns)
	'getelementptr' operation ('conv_out_buf_V_0_addr') [56]  (0 ns)
	'store' operation ('store_ln887') of constant 0 on array 'conv_out_buf.V[0]', tiled_conv.cpp:55 [60]  (2.32 ns)

 <State 2>: 1.78ns
The critical path consists of the following:
	'load' operation ('ti') on local variable 'ti' [69]  (0 ns)
	'sub' operation ('empty_38') [82]  (1.78 ns)

 <State 3>: 6.74ns
The critical path consists of the following:
	'call' operation ('call_ln65', tiled_conv.cpp:65) to 'tiled_conv_Pipeline_VITIS_LOOP_94_2_VITIS_LOOP_96_3' [142]  (5.61 ns)
	blocking operation 1.13 ns on control path)

 <State 4>: 7.3ns
The critical path consists of the following:
	bus request operation ('empty_41', utils.cpp:115) on port 'wt' (utils.cpp:115) [106]  (7.3 ns)

 <State 5>: 7.3ns
The critical path consists of the following:
	bus request operation ('empty_41', utils.cpp:115) on port 'wt' (utils.cpp:115) [106]  (7.3 ns)

 <State 6>: 7.3ns
The critical path consists of the following:
	bus request operation ('empty_41', utils.cpp:115) on port 'wt' (utils.cpp:115) [106]  (7.3 ns)

 <State 7>: 7.3ns
The critical path consists of the following:
	bus request operation ('empty_41', utils.cpp:115) on port 'wt' (utils.cpp:115) [106]  (7.3 ns)

 <State 8>: 7.3ns
The critical path consists of the following:
	bus request operation ('empty_41', utils.cpp:115) on port 'wt' (utils.cpp:115) [106]  (7.3 ns)

 <State 9>: 7.3ns
The critical path consists of the following:
	bus request operation ('empty_41', utils.cpp:115) on port 'wt' (utils.cpp:115) [106]  (7.3 ns)

 <State 10>: 7.3ns
The critical path consists of the following:
	bus request operation ('empty_41', utils.cpp:115) on port 'wt' (utils.cpp:115) [106]  (7.3 ns)

 <State 11>: 5.98ns
The critical path consists of the following:
	'sub' operation ('sub_ln42', utils.cpp:42) [103]  (1.78 ns)
	'call' operation ('call_ln38', utils.cpp:38) to 'tiled_conv_Pipeline_INPUT_BUFFER_HEIGHT_INPUT_BUFFER_WIDTH' [105]  (4.2 ns)

 <State 12>: 0ns
The critical path consists of the following:

 <State 13>: 2.32ns
The critical path consists of the following:
	'load' operation ('conv_wt_buf_V_0_0_load') on array 'conv_wt_buf.V[0][0]', tiled_conv.cpp:54 [108]  (2.32 ns)

 <State 14>: 2.32ns
The critical path consists of the following:
	'load' operation ('conv_wt_buf_V_0_0_load') on array 'conv_wt_buf.V[0][0]', tiled_conv.cpp:54 [108]  (2.32 ns)

 <State 15>: 2.32ns
The critical path consists of the following:
	'load' operation ('conv_wt_buf_V_0_0_load_1') on array 'conv_wt_buf.V[0][0]', tiled_conv.cpp:54 [109]  (2.32 ns)

 <State 16>: 2.32ns
The critical path consists of the following:
	'load' operation ('conv_wt_buf_V_0_0_load_3') on array 'conv_wt_buf.V[0][0]', tiled_conv.cpp:54 [111]  (2.32 ns)

 <State 17>: 2.32ns
The critical path consists of the following:
	'load' operation ('conv_wt_buf_V_0_0_load_5') on array 'conv_wt_buf.V[0][0]', tiled_conv.cpp:54 [113]  (2.32 ns)

 <State 18>: 2.32ns
The critical path consists of the following:
	'load' operation ('conv_wt_buf_V_0_0_load_7') on array 'conv_wt_buf.V[0][0]', tiled_conv.cpp:54 [115]  (2.32 ns)

 <State 19>: 2.32ns
The critical path consists of the following:
	'load' operation ('conv_wt_buf_V_0_0_load_9') on array 'conv_wt_buf.V[0][0]', tiled_conv.cpp:54 [117]  (2.32 ns)

 <State 20>: 2.32ns
The critical path consists of the following:
	'load' operation ('conv_wt_buf_V_0_0_load_11') on array 'conv_wt_buf.V[0][0]', tiled_conv.cpp:54 [119]  (2.32 ns)

 <State 21>: 2.32ns
The critical path consists of the following:
	'load' operation ('conv_wt_buf_V_0_0_load_13') on array 'conv_wt_buf.V[0][0]', tiled_conv.cpp:54 [121]  (2.32 ns)

 <State 22>: 2.32ns
The critical path consists of the following:
	'load' operation ('conv_wt_buf_V_0_0_load_15') on array 'conv_wt_buf.V[0][0]', tiled_conv.cpp:54 [123]  (2.32 ns)

 <State 23>: 2.32ns
The critical path consists of the following:
	'load' operation ('conv_wt_buf_V_0_0_load_17') on array 'conv_wt_buf.V[0][0]', tiled_conv.cpp:54 [125]  (2.32 ns)

 <State 24>: 2.32ns
The critical path consists of the following:
	'load' operation ('conv_wt_buf_V_0_0_load_19') on array 'conv_wt_buf.V[0][0]', tiled_conv.cpp:54 [127]  (2.32 ns)

 <State 25>: 2.32ns
The critical path consists of the following:
	'load' operation ('conv_wt_buf_V_0_0_load_21') on array 'conv_wt_buf.V[0][0]', tiled_conv.cpp:54 [129]  (2.32 ns)

 <State 26>: 2.32ns
The critical path consists of the following:
	'load' operation ('conv_wt_buf_V_0_0_load_23') on array 'conv_wt_buf.V[0][0]', tiled_conv.cpp:54 [131]  (2.32 ns)

 <State 27>: 0ns
The critical path consists of the following:

 <State 28>: 0ns
The critical path consists of the following:

 <State 29>: 0ns
The critical path consists of the following:

 <State 30>: 0ns
The critical path consists of the following:

 <State 31>: 0ns
The critical path consists of the following:

 <State 32>: 1.74ns
The critical path consists of the following:
	'sub' operation ('sub_ln181', utils.cpp:181) [138]  (1.74 ns)

 <State 33>: 0ns
The critical path consists of the following:

 <State 34>: 0ns
The critical path consists of the following:

 <State 35>: 7.3ns
The critical path consists of the following:
	'getelementptr' operation ('fm_addr', conv_7x7.cpp:109) [150]  (0 ns)
	bus request operation ('empty_42', conv_7x7.cpp:109) on port 'fm' (conv_7x7.cpp:109) [151]  (7.3 ns)

 <State 36>: 0ns
The critical path consists of the following:

 <State 37>: 0ns
The critical path consists of the following:

 <State 38>: 7.3ns
The critical path consists of the following:
	bus response operation ('empty_43', tiled_conv.cpp:103) on port 'fm' (tiled_conv.cpp:103) [153]  (7.3 ns)

 <State 39>: 7.3ns
The critical path consists of the following:
	bus response operation ('empty_43', tiled_conv.cpp:103) on port 'fm' (tiled_conv.cpp:103) [153]  (7.3 ns)

 <State 40>: 7.3ns
The critical path consists of the following:
	bus response operation ('empty_43', tiled_conv.cpp:103) on port 'fm' (tiled_conv.cpp:103) [153]  (7.3 ns)

 <State 41>: 7.3ns
The critical path consists of the following:
	bus response operation ('empty_43', tiled_conv.cpp:103) on port 'fm' (tiled_conv.cpp:103) [153]  (7.3 ns)

 <State 42>: 7.3ns
The critical path consists of the following:
	bus response operation ('empty_43', tiled_conv.cpp:103) on port 'fm' (tiled_conv.cpp:103) [153]  (7.3 ns)


============================================================
+ Verbose Summary: Binding
============================================================
N/A
* FSMD analyzer results:
  - Output states:
 - Input state : 
  - Chain level:
	State 1
	State 2
	State 3
	State 4
	State 5
	State 6
	State 7
	State 8
	State 9
	State 10
	State 11
	State 12
	State 13
	State 14
	State 15
	State 16
	State 17
	State 18
	State 19
	State 20
	State 21
	State 22
	State 23
	State 24
	State 25
	State 26
	State 27
	State 28
	State 29
	State 30
	State 31
	State 32
	State 33
	State 34
	State 35
	State 36
	State 37
	State 38
	State 39
	State 40
	State 41
	State 42


============================================================
+ Verbose Summary: Datapath Resource usage 
============================================================
N/A
