==============================================================
Vitis HLS - High-Level Synthesis from C, C++ and OpenCL v2022.1.2 (64-bit)
Tool Version Limit: 2022.04
Copyright 1986-2022 Xilinx, Inc. All Rights Reserved.
==============================================================
INFO: [HLS 200-1505] Using flow_target 'vivado'
INFO: [HLS 200-435] Setting 'open_solution -flow_target vivado' configuration: config_interface -m_axi_latency=0
INFO: [HLS 200-1510] Running: set_part xc7z020clg400-1 
INFO: [HLS 200-1611] Setting target device to 'xc7z020-clg400-1'
INFO: [HLS 200-1510] Running: create_clock -period 10 -name default 
INFO: [SYN 201-201] Setting up clock 'default' with a period of 10ns.
INFO: [HLS 200-1510] Running: csynth_design 
INFO: [HLS 200-111] Finished File checks and directory preparation: CPU user time: 0.01 seconds. CPU system time: 0.01 seconds. Elapsed time: 0.01 seconds; current allocated memory: 757.273 MB.
INFO: [HLS 200-10] Analyzing design file 'tiled_conv.cpp' ... 
INFO: [HLS 200-10] Analyzing design file 'conv_7x7.cpp' ... 
INFO: [HLS 200-10] Analyzing design file 'utils.cpp' ... 
INFO: [HLS 200-111] Finished Source Code Analysis and Preprocessing: CPU user time: 18.3 seconds. CPU system time: 2.82 seconds. Elapsed time: 21.67 seconds; current allocated memory: 760.164 MB.
INFO: [HLS 200-777] Using interface defaults for 'Vivado' flow target.
INFO: [HLS 214-178] Inlining function 'pseudo_random(unsigned int, int)' into 'quarter_drop(ap_fixed<16, 3, (ap_q_mode)5, (ap_o_mode)3, 0> (*) [3][3])' (conv_7x7.cpp:88:0)
INFO: [HLS 214-178] Inlining function 'load_input_tile_block_from_DRAM(ap_fixed<16, 3, (ap_q_mode)5, (ap_o_mode)3, 0> (*) [10][10], ap_fixed<16, 3, (ap_q_mode)5, (ap_o_mode)3, 0> (*) [28][28], int, int)' into 'tiled_conv(ap_fixed<16, 3, (ap_q_mode)5, (ap_o_mode)3, 0> (*) [28][28], ap_fixed<16, 3, (ap_q_mode)5, (ap_o_mode)3, 0> (*) [1][5][5], ap_fixed<16, 3, (ap_q_mode)5, (ap_o_mode)3, 0> (*) [10], ap_fixed<16, 3, (ap_q_mode)5, (ap_o_mode)3, 0>*)' (tiled_conv.cpp:26:0)
INFO: [HLS 214-178] Inlining function 'load_layer_params_from_DRAM(ap_fixed<16, 3, (ap_q_mode)5, (ap_o_mode)3, 0> (*) [1][5][5], ap_fixed<16, 3, (ap_q_mode)5, (ap_o_mode)3, 0> (*) [1][5][5], int)' into 'tiled_conv(ap_fixed<16, 3, (ap_q_mode)5, (ap_o_mode)3, 0> (*) [28][28], ap_fixed<16, 3, (ap_q_mode)5, (ap_o_mode)3, 0> (*) [1][5][5], ap_fixed<16, 3, (ap_q_mode)5, (ap_o_mode)3, 0> (*) [10], ap_fixed<16, 3, (ap_q_mode)5, (ap_o_mode)3, 0>*)' (tiled_conv.cpp:26:0)
INFO: [HLS 214-178] Inlining function 'conv_5x5(ap_fixed<16, 3, (ap_q_mode)5, (ap_o_mode)3, 0> (*) [6][6], ap_fixed<16, 3, (ap_q_mode)5, (ap_o_mode)3, 0> (*) [10][10], ap_fixed<16, 3, (ap_q_mode)5, (ap_o_mode)3, 0> (*) [1][5][5])' into 'tiled_conv(ap_fixed<16, 3, (ap_q_mode)5, (ap_o_mode)3, 0> (*) [28][28], ap_fixed<16, 3, (ap_q_mode)5, (ap_o_mode)3, 0> (*) [1][5][5], ap_fixed<16, 3, (ap_q_mode)5, (ap_o_mode)3, 0> (*) [10], ap_fixed<16, 3, (ap_q_mode)5, (ap_o_mode)3, 0>*)' (tiled_conv.cpp:26:0)
INFO: [HLS 214-178] Inlining function 'max_pool(ap_fixed<16, 3, (ap_q_mode)5, (ap_o_mode)3, 0> (*) [6][6], ap_fixed<16, 3, (ap_q_mode)5, (ap_o_mode)3, 0> (*) [3][3], int)' into 'tiled_conv(ap_fixed<16, 3, (ap_q_mode)5, (ap_o_mode)3, 0> (*) [28][28], ap_fixed<16, 3, (ap_q_mode)5, (ap_o_mode)3, 0> (*) [1][5][5], ap_fixed<16, 3, (ap_q_mode)5, (ap_o_mode)3, 0> (*) [10], ap_fixed<16, 3, (ap_q_mode)5, (ap_o_mode)3, 0>*)' (tiled_conv.cpp:26:0)
INFO: [HLS 214-178] Inlining function 'quarter_drop(ap_fixed<16, 3, (ap_q_mode)5, (ap_o_mode)3, 0> (*) [3][3])' into 'tiled_conv(ap_fixed<16, 3, (ap_q_mode)5, (ap_o_mode)3, 0> (*) [28][28], ap_fixed<16, 3, (ap_q_mode)5, (ap_o_mode)3, 0> (*) [1][5][5], ap_fixed<16, 3, (ap_q_mode)5, (ap_o_mode)3, 0> (*) [10], ap_fixed<16, 3, (ap_q_mode)5, (ap_o_mode)3, 0>*)' (tiled_conv.cpp:26:0)
INFO: [HLS 214-178] Inlining function 'store_output_tile_to_DRAM(ap_fixed<16, 3, (ap_q_mode)5, (ap_o_mode)3, 0> (*) [12][12], ap_fixed<16, 3, (ap_q_mode)5, (ap_o_mode)3, 0> (*) [3][3], int, int, int)' into 'tiled_conv(ap_fixed<16, 3, (ap_q_mode)5, (ap_o_mode)3, 0> (*) [28][28], ap_fixed<16, 3, (ap_q_mode)5, (ap_o_mode)3, 0> (*) [1][5][5], ap_fixed<16, 3, (ap_q_mode)5, (ap_o_mode)3, 0> (*) [10], ap_fixed<16, 3, (ap_q_mode)5, (ap_o_mode)3, 0>*)' (tiled_conv.cpp:26:0)
INFO: [HLS 214-178] Inlining function 'linear_layer(ap_fixed<16, 3, (ap_q_mode)5, (ap_o_mode)3, 0>*, ap_fixed<16, 3, (ap_q_mode)5, (ap_o_mode)3, 0> (*) [10], ap_fixed<16, 3, (ap_q_mode)5, (ap_o_mode)3, 0>*)' into 'tiled_conv(ap_fixed<16, 3, (ap_q_mode)5, (ap_o_mode)3, 0> (*) [28][28], ap_fixed<16, 3, (ap_q_mode)5, (ap_o_mode)3, 0> (*) [1][5][5], ap_fixed<16, 3, (ap_q_mode)5, (ap_o_mode)3, 0> (*) [10], ap_fixed<16, 3, (ap_q_mode)5, (ap_o_mode)3, 0>*)' (tiled_conv.cpp:26:0)
WARNING: [HLS 214-167] The program may have out of bound array access (tiled_conv.cpp:97:48)
INFO: [HLS 214-241] Aggregating maxi variable 'output_feature_map' with compact=none mode in 16-bits (tiled_conv.cpp:26:0)
INFO: [HLS 214-241] Aggregating maxi variable 'linear_weights' with compact=none mode in 16-bits (tiled_conv.cpp:26:0)
INFO: [HLS 214-241] Aggregating maxi variable 'layer_weights' with compact=none mode in 16-bits (tiled_conv.cpp:26:0)
INFO: [HLS 214-241] Aggregating maxi variable 'input_feature_map' with compact=none mode in 16-bits (tiled_conv.cpp:26:0)
INFO: [HLS 214-115] Multiple burst reads of length 25 and bit width 16 in loop 'WEIGHT_KERNEL_HEIGHT'(utils.cpp:115:13) has been inferred on bundle 'wt'. These burst requests might be further partitioned into multiple requests during RTL generation, based on max_read_burst_length or max_write_burst_length settings. (utils.cpp:115:13)
INFO: [HLS 214-115] Multiple burst writes of length 10 and bit width 16 in loop 'VITIS_LOOP_109_1'(conv_7x7.cpp:109:23) has been inferred on bundle 'fm'. These burst requests might be further partitioned into multiple requests during RTL generation, based on max_read_burst_length or max_write_burst_length settings. (conv_7x7.cpp:109:23)
INFO: [HLS 200-111] Finished Compiling Optimization and Transform: CPU user time: 5.44 seconds. CPU system time: 0.83 seconds. Elapsed time: 6.43 seconds; current allocated memory: 760.668 MB.
INFO: [HLS 200-111] Finished Checking Pragmas: CPU user time: 0 seconds. CPU system time: 0 seconds. Elapsed time: 0 seconds; current allocated memory: 760.668 MB.
INFO: [HLS 200-10] Starting code transformations ...
INFO: [HLS 200-111] Finished Standard Transforms: CPU user time: 0.13 seconds. CPU system time: 0.02 seconds. Elapsed time: 0.17 seconds; current allocated memory: 771.469 MB.
INFO: [HLS 200-10] Checking synthesizability ...
INFO: [HLS 200-111] Finished Checking Synthesizability: CPU user time: 0.21 seconds. CPU system time: 0.03 seconds. Elapsed time: 0.29 seconds; current allocated memory: 787.523 MB.
INFO: [XFORM 203-510] Pipelining loop 'INPUT_BUFFER_WIDTH' (utils.cpp:40) in function 'tiled_conv' automatically.
INFO: [XFORM 203-510] Pipelining loop 'WEIGHT_KERNEL_WIDTH' (utils.cpp:118) in function 'tiled_conv' automatically.
INFO: [XFORM 203-510] Pipelining loop 'VITIS_LOOP_39_3' (conv_7x7.cpp:39) in function 'tiled_conv' automatically.
INFO: [XFORM 203-510] Pipelining loop 'VITIS_LOOP_70_3' in function 'tiled_conv' automatically.
INFO: [XFORM 203-510] Pipelining loop 'VITIS_LOOP_93_3' (conv_7x7.cpp:93) in function 'tiled_conv' automatically.
INFO: [XFORM 203-510] Pipelining loop 'OUTPUT_BUFFER_WIDTH' (utils.cpp:190) in function 'tiled_conv' automatically.
INFO: [XFORM 203-510] Pipelining loop 'VITIS_LOOP_96_3' (tiled_conv.cpp:96) in function 'tiled_conv' automatically.
INFO: [XFORM 203-510] Pipelining loop 'VITIS_LOOP_111_2' (conv_7x7.cpp:110) in function 'tiled_conv' automatically.
INFO: [XFORM 203-502] Unrolling all sub-loops inside loop 'VITIS_LOOP_39_3' (conv_7x7.cpp:39) in function 'tiled_conv' for pipelining.
INFO: [XFORM 203-502] Unrolling all sub-loops inside loop 'VITIS_LOOP_70_3' in function 'tiled_conv' for pipelining.
INFO: [HLS 200-489] Unrolling loop 'VITIS_LOOP_42_5' (conv_7x7.cpp:40) in function 'tiled_conv' completely with a factor of 5.
INFO: [HLS 200-489] Unrolling loop 'VITIS_LOOP_44_6' (conv_7x7.cpp:40) in function 'tiled_conv' completely with a factor of 5.
INFO: [HLS 200-489] Unrolling loop 'VITIS_LOOP_72_4' (conv_7x7.cpp:71) in function 'tiled_conv' completely with a factor of 2.
INFO: [HLS 200-489] Unrolling loop 'VITIS_LOOP_74_5' (conv_7x7.cpp:71) in function 'tiled_conv' completely with a factor of 2.
INFO: [XFORM 203-102] Partitioning array 'conv_in_buf.V' (tiled_conv.cpp:53) in dimension 1 automatically.
INFO: [XFORM 203-102] Partitioning array 'conv_wt_buf.V' (tiled_conv.cpp:54) in dimension 1 automatically.
INFO: [XFORM 203-102] Partitioning array 'conv_out_buf.V' (tiled_conv.cpp:55) in dimension 1 automatically.
INFO: [XFORM 203-102] Partitioning array 'max_pool_out_buf.V' (tiled_conv.cpp:57) in dimension 1 automatically.
INFO: [XFORM 203-102] Partitioning array 'conv_wt_buf.V.0' (tiled_conv.cpp:54) in dimension 1 automatically.
INFO: [XFORM 203-11] Balancing expressions in function 'tiled_conv' (utils.cpp:20:13)...3 expression(s) balanced.
INFO: [HLS 200-111] Finished Loop, function and other optimizations: CPU user time: 0.44 seconds. CPU system time: 0.04 seconds. Elapsed time: 0.55 seconds; current allocated memory: 825.176 MB.
INFO: [XFORM 203-541] Flattening a loop nest 'INPUT_BUFFER_HEIGHT' (utils.cpp:36:17) in function 'tiled_conv'.
INFO: [XFORM 203-541] Flattening a loop nest 'WEIGHT_KERNEL_HEIGHT' (utils.cpp:115:22) in function 'tiled_conv'.
INFO: [XFORM 203-541] Flattening a loop nest 'VITIS_LOOP_37_2' (conv_7x7.cpp:37:35) in function 'tiled_conv'.
INFO: [XFORM 203-541] Flattening a loop nest 'VITIS_LOOP_69_2' (conv_7x7.cpp:69:35) in function 'tiled_conv'.
INFO: [XFORM 203-541] Flattening a loop nest 'VITIS_LOOP_92_2' (conv_7x7.cpp:92:35) in function 'tiled_conv'.
INFO: [XFORM 203-541] Flattening a loop nest 'OUTPUT_BUFFER_HEIGHT' (utils.cpp:187:18) in function 'tiled_conv'.
WARNING: [HLS 200-960] Cannot flatten loop 'TILE_COL' (tiled_conv.cpp:68:17) in function 'tiled_conv' more than one sub loop.
INFO: [XFORM 203-541] Flattening a loop nest 'VITIS_LOOP_94_2' (tiled_conv.cpp:94:35) in function 'tiled_conv'.
WARNING: [HLS 200-960] Cannot flatten loop 'TILE_ROW' (tiled_conv.cpp:65:13) in function 'tiled_conv' more than one sub loop.
INFO: [XFORM 203-541] Flattening a loop nest 'VITIS_LOOP_109_1' (conv_7x7.cpp:109:32) in function 'tiled_conv'.
INFO: [HLS 200-472] Inferring partial write operation for 'conv_out_buf.V[0]' 
INFO: [HLS 200-472] Inferring partial write operation for 'conv_in_buf.V[0]' (utils.cpp:44:40)
INFO: [HLS 200-472] Inferring partial write operation for 'conv_wt_buf.V[0][0]' (utils.cpp:120:46)
INFO: [HLS 200-472] Inferring partial write operation for 'conv_out_buf.V[0]' (conv_7x7.cpp:55:38)
INFO: [HLS 200-472] Inferring partial write operation for 'max_pool_out_buf.V[0]' (conv_7x7.cpp:79:47)
INFO: [HLS 200-472] Inferring partial write operation for 'max_pool_out_buf.V[0]' (conv_7x7.cpp:96:51)
INFO: [HLS 200-472] Inferring partial write operation for 'layer1_output.V' (utils.cpp:201:84)
INFO: [HLS 200-472] Inferring partial write operation for 'linear_input.V' (tiled_conv.cpp:97:48)
INFO: [HLS 200-111] Finished Architecture Synthesis: CPU user time: 0.33 seconds. CPU system time: 0.05 seconds. Elapsed time: 0.4 seconds; current allocated memory: 899.656 MB.
INFO: [HLS 200-10] Starting hardware synthesis ...
INFO: [HLS 200-10] Synthesizing 'tiled_conv' ...
INFO: [HLS 200-10] ----------------------------------------------------------------
INFO: [HLS 200-42] -- Implementing module 'tiled_conv_Pipeline_INPUT_BUFFER_HEIGHT_INPUT_BUFFER_WIDTH' 
INFO: [HLS 200-10] ----------------------------------------------------------------
INFO: [SCHED 204-11] Starting scheduling ...
INFO: [HLS 200-1457] Automatically inferring inferring RAM_1WNR storage type for array 'conv_in_buf_V_0'. Use bind_storage pragma to override this type.
INFO: [SCHED 204-61] Pipelining loop 'INPUT_BUFFER_HEIGHT_INPUT_BUFFER_WIDTH'.
INFO: [HLS 200-1470] Pipelining result : Target II = NA, Final II = 1, Depth = 11, loop 'INPUT_BUFFER_HEIGHT_INPUT_BUFFER_WIDTH'
INFO: [SCHED 204-11] Finished scheduling.
INFO: [HLS 200-111] Finished Scheduling: CPU user time: 0.14 seconds. CPU system time: 0.06 seconds. Elapsed time: 0.23 seconds; current allocated memory: 900.262 MB.
INFO: [BIND 205-100] Starting micro-architecture generation ...
INFO: [BIND 205-101] Performing variable lifetime analysis.
INFO: [BIND 205-101] Exploring resource sharing.
INFO: [BIND 205-101] Binding ...
INFO: [BIND 205-100] Finished micro-architecture generation.
INFO: [HLS 200-111] Finished Binding: CPU user time: 0.1 seconds. CPU system time: 0 seconds. Elapsed time: 0.11 seconds; current allocated memory: 900.656 MB.
INFO: [HLS 200-10] ----------------------------------------------------------------
INFO: [HLS 200-42] -- Implementing module 'tiled_conv_Pipeline_WEIGHT_KERNEL_HEIGHT_WEIGHT_KERNEL_WIDTH' 
INFO: [HLS 200-10] ----------------------------------------------------------------
INFO: [SCHED 204-11] Starting scheduling ...
INFO: [SCHED 204-61] Pipelining loop 'WEIGHT_KERNEL_HEIGHT_WEIGHT_KERNEL_WIDTH'.
INFO: [HLS 200-1470] Pipelining result : Target II = NA, Final II = 1, Depth = 3, loop 'WEIGHT_KERNEL_HEIGHT_WEIGHT_KERNEL_WIDTH'
INFO: [SCHED 204-11] Finished scheduling.
INFO: [HLS 200-111] Finished Scheduling: CPU user time: 0.12 seconds. CPU system time: 0 seconds. Elapsed time: 0.15 seconds; current allocated memory: 900.656 MB.
INFO: [BIND 205-100] Starting micro-architecture generation ...
INFO: [BIND 205-101] Performing variable lifetime analysis.
INFO: [BIND 205-101] Exploring resource sharing.
INFO: [BIND 205-101] Binding ...
INFO: [BIND 205-100] Finished micro-architecture generation.
INFO: [HLS 200-111] Finished Binding: CPU user time: 0.04 seconds. CPU system time: 0.01 seconds. Elapsed time: 0.06 seconds; current allocated memory: 900.656 MB.
INFO: [HLS 200-10] ----------------------------------------------------------------
INFO: [HLS 200-42] -- Implementing module 'tiled_conv_Pipeline_VITIS_LOOP_37_2_VITIS_LOOP_39_3' 
INFO: [HLS 200-10] ----------------------------------------------------------------
INFO: [SCHED 204-11] Starting scheduling ...
INFO: [HLS 200-486] Changing DSP latency (root=mul_ln1393_23) to 3 in order to utilize available DSP registers.
INFO: [HLS 200-486] Changing DSP latency (root=mul_ln1393_22) to 3 in order to utilize available DSP registers.
INFO: [HLS 200-486] Changing DSP latency (root=mul_ln1393_21) to 3 in order to utilize available DSP registers.
INFO: [HLS 200-486] Changing DSP latency (root=mul_ln1393_20) to 3 in order to utilize available DSP registers.
INFO: [HLS 200-486] Changing DSP latency (root=mul_ln1393_19) to 3 in order to utilize available DSP registers.
INFO: [HLS 200-486] Changing DSP latency (root=mul_ln1393_18) to 3 in order to utilize available DSP registers.
INFO: [HLS 200-486] Changing DSP latency (root=mul_ln1393_17) to 3 in order to utilize available DSP registers.
INFO: [HLS 200-486] Changing DSP latency (root=mul_ln1393_16) to 3 in order to utilize available DSP registers.
INFO: [HLS 200-486] Changing DSP latency (root=mul_ln1393_15) to 3 in order to utilize available DSP registers.
INFO: [HLS 200-486] Changing DSP latency (root=mul_ln1393_14) to 3 in order to utilize available DSP registers.
INFO: [HLS 200-486] Changing DSP latency (root=mul_ln1393_13) to 3 in order to utilize available DSP registers.
INFO: [HLS 200-486] Changing DSP latency (root=mul_ln1393_12) to 3 in order to utilize available DSP registers.
INFO: [HLS 200-486] Changing DSP latency (root=mul_ln1393_11) to 3 in order to utilize available DSP registers.
INFO: [HLS 200-486] Changing DSP latency (root=mul_ln1393_10) to 3 in order to utilize available DSP registers.
INFO: [HLS 200-486] Changing DSP latency (root=mul_ln1393_9) to 3 in order to utilize available DSP registers.
INFO: [HLS 200-486] Changing DSP latency (root=mul_ln1393_8) to 3 in order to utilize available DSP registers.
INFO: [HLS 200-486] Changing DSP latency (root=mul_ln1393_7) to 3 in order to utilize available DSP registers.
INFO: [HLS 200-486] Changing DSP latency (root=mul_ln1393_6) to 3 in order to utilize available DSP registers.
INFO: [HLS 200-486] Changing DSP latency (root=mul_ln1393_5) to 3 in order to utilize available DSP registers.
INFO: [HLS 200-486] Changing DSP latency (root=mul_ln1393_4) to 3 in order to utilize available DSP registers.
INFO: [HLS 200-486] Changing DSP latency (root=mul_ln1393_3) to 3 in order to utilize available DSP registers.
INFO: [HLS 200-486] Changing DSP latency (root=mul_ln1393_2) to 3 in order to utilize available DSP registers.
INFO: [HLS 200-486] Changing DSP latency (root=mul_ln1393_1) to 3 in order to utilize available DSP registers.
INFO: [HLS 200-486] Changing DSP latency (root=mul_ln1393) to 3 in order to utilize available DSP registers.
INFO: [HLS 200-486] Changing DSP latency (root=mul_ln864) to 3 in order to utilize available DSP registers.
INFO: [HLS 200-1457] Automatically inferring inferring RAM_1WNR storage type for array 'conv_out_buf_V_0'. Use bind_storage pragma to override this type.
INFO: [HLS 200-1457] Automatically inferring inferring RAM_1WNR storage type for array 'conv_in_buf_V_0'. Use bind_storage pragma to override this type.
INFO: [SCHED 204-61] Pipelining loop 'VITIS_LOOP_37_2_VITIS_LOOP_39_3'.
WARNING: [HLS 200-885] The II Violation in module 'tiled_conv_Pipeline_VITIS_LOOP_37_2_VITIS_LOOP_39_3' (loop 'VITIS_LOOP_37_2_VITIS_LOOP_39_3'): Unable to schedule 'load' operation ('conv_in_buf_V_0_load_16') on array 'conv_in_buf_V_0' due to limited memory ports (II = 1). Please consider using a memory core with more ports or partitioning the array 'conv_in_buf_V_0'.
INFO: [HLS 200-1470] Pipelining result : Target II = NA, Final II = 2, Depth = 31, loop 'VITIS_LOOP_37_2_VITIS_LOOP_39_3'
INFO: [SCHED 204-11] Finished scheduling.
INFO: [HLS 200-111] Finished Scheduling: CPU user time: 0.39 seconds. CPU system time: 0.02 seconds. Elapsed time: 0.47 seconds; current allocated memory: 903.977 MB.
INFO: [BIND 205-100] Starting micro-architecture generation ...
INFO: [BIND 205-101] Performing variable lifetime analysis.
INFO: [BIND 205-101] Exploring resource sharing.
INFO: [BIND 205-101] Binding ...
INFO: [BIND 205-100] Finished micro-architecture generation.
INFO: [HLS 200-111] Finished Binding: CPU user time: 0.3 seconds. CPU system time: 0.01 seconds. Elapsed time: 0.33 seconds; current allocated memory: 903.977 MB.
INFO: [HLS 200-10] ----------------------------------------------------------------
INFO: [HLS 200-42] -- Implementing module 'tiled_conv_Pipeline_VITIS_LOOP_69_2_VITIS_LOOP_70_3' 
INFO: [HLS 200-10] ----------------------------------------------------------------
INFO: [SCHED 204-11] Starting scheduling ...
INFO: [HLS 200-1457] Automatically inferring inferring RAM_1WNR storage type for array 'conv_out_buf_V_0'. Use bind_storage pragma to override this type.
INFO: [SCHED 204-61] Pipelining loop 'VITIS_LOOP_69_2_VITIS_LOOP_70_3'.
INFO: [HLS 200-1470] Pipelining result : Target II = NA, Final II = 1, Depth = 5, loop 'VITIS_LOOP_69_2_VITIS_LOOP_70_3'
INFO: [SCHED 204-11] Finished scheduling.
INFO: [HLS 200-111] Finished Scheduling: CPU user time: 0.46 seconds. CPU system time: 0.01 seconds. Elapsed time: 0.5 seconds; current allocated memory: 903.977 MB.
INFO: [BIND 205-100] Starting micro-architecture generation ...
INFO: [BIND 205-101] Performing variable lifetime analysis.
INFO: [BIND 205-101] Exploring resource sharing.
INFO: [BIND 205-101] Binding ...
INFO: [BIND 205-100] Finished micro-architecture generation.
INFO: [HLS 200-111] Finished Binding: CPU user time: 0.09 seconds. CPU system time: 0 seconds. Elapsed time: 0.1 seconds; current allocated memory: 903.977 MB.
INFO: [HLS 200-10] ----------------------------------------------------------------
INFO: [HLS 200-42] -- Implementing module 'tiled_conv_Pipeline_VITIS_LOOP_92_2_VITIS_LOOP_93_3' 
INFO: [HLS 200-10] ----------------------------------------------------------------
INFO: [SCHED 204-11] Starting scheduling ...
INFO: [SCHED 204-61] Pipelining loop 'VITIS_LOOP_92_2_VITIS_LOOP_93_3'.
INFO: [HLS 200-1470] Pipelining result : Target II = NA, Final II = 1, Depth = 2, loop 'VITIS_LOOP_92_2_VITIS_LOOP_93_3'
INFO: [SCHED 204-11] Finished scheduling.
INFO: [HLS 200-111] Finished Scheduling: CPU user time: 0.14 seconds. CPU system time: 0.01 seconds. Elapsed time: 0.17 seconds; current allocated memory: 904.270 MB.
INFO: [BIND 205-100] Starting micro-architecture generation ...
INFO: [BIND 205-101] Performing variable lifetime analysis.
INFO: [BIND 205-101] Exploring resource sharing.
INFO: [BIND 205-101] Binding ...
INFO: [BIND 205-100] Finished micro-architecture generation.
INFO: [HLS 200-111] Finished Binding: CPU user time: 0.05 seconds. CPU system time: 0 seconds. Elapsed time: 0.07 seconds; current allocated memory: 904.520 MB.
INFO: [HLS 200-10] ----------------------------------------------------------------
INFO: [HLS 200-42] -- Implementing module 'tiled_conv_Pipeline_OUTPUT_BUFFER_HEIGHT_OUTPUT_BUFFER_WIDTH' 
INFO: [HLS 200-10] ----------------------------------------------------------------
INFO: [SCHED 204-11] Starting scheduling ...
INFO: [SCHED 204-61] Pipelining loop 'OUTPUT_BUFFER_HEIGHT_OUTPUT_BUFFER_WIDTH'.
INFO: [HLS 200-1470] Pipelining result : Target II = NA, Final II = 1, Depth = 3, loop 'OUTPUT_BUFFER_HEIGHT_OUTPUT_BUFFER_WIDTH'
INFO: [SCHED 204-11] Finished scheduling.
INFO: [HLS 200-111] Finished Scheduling: CPU user time: 0.13 seconds. CPU system time: 0 seconds. Elapsed time: 0.15 seconds; current allocated memory: 904.656 MB.
INFO: [BIND 205-100] Starting micro-architecture generation ...
INFO: [BIND 205-101] Performing variable lifetime analysis.
INFO: [BIND 205-101] Exploring resource sharing.
INFO: [BIND 205-101] Binding ...
INFO: [BIND 205-100] Finished micro-architecture generation.
INFO: [HLS 200-111] Finished Binding: CPU user time: 0.06 seconds. CPU system time: 0 seconds. Elapsed time: 0.08 seconds; current allocated memory: 904.879 MB.
INFO: [HLS 200-10] ----------------------------------------------------------------
INFO: [HLS 200-42] -- Implementing module 'tiled_conv_Pipeline_VITIS_LOOP_94_2_VITIS_LOOP_96_3' 
INFO: [HLS 200-10] ----------------------------------------------------------------
INFO: [SCHED 204-11] Starting scheduling ...
INFO: [SCHED 204-61] Pipelining loop 'VITIS_LOOP_94_2_VITIS_LOOP_96_3'.
INFO: [HLS 200-1470] Pipelining result : Target II = NA, Final II = 1, Depth = 3, loop 'VITIS_LOOP_94_2_VITIS_LOOP_96_3'
INFO: [SCHED 204-11] Finished scheduling.
INFO: [HLS 200-111] Finished Scheduling: CPU user time: 0.12 seconds. CPU system time: 0 seconds. Elapsed time: 0.14 seconds; current allocated memory: 905.031 MB.
INFO: [BIND 205-100] Starting micro-architecture generation ...
INFO: [BIND 205-101] Performing variable lifetime analysis.
INFO: [BIND 205-101] Exploring resource sharing.
INFO: [BIND 205-101] Binding ...
INFO: [BIND 205-100] Finished micro-architecture generation.
INFO: [HLS 200-111] Finished Binding: CPU user time: 0.06 seconds. CPU system time: 0.01 seconds. Elapsed time: 0.08 seconds; current allocated memory: 905.348 MB.
INFO: [HLS 200-10] ----------------------------------------------------------------
INFO: [HLS 200-42] -- Implementing module 'tiled_conv_Pipeline_VITIS_LOOP_109_1_VITIS_LOOP_111_2' 
INFO: [HLS 200-10] ----------------------------------------------------------------
INFO: [SCHED 204-11] Starting scheduling ...
INFO: [HLS 200-486] Changing DSP latency (root=mul_ln1393) to 3 in order to utilize available DSP registers.
INFO: [SCHED 204-61] Pipelining loop 'VITIS_LOOP_109_1_VITIS_LOOP_111_2'.
INFO: [HLS 200-1470] Pipelining result : Target II = NA, Final II = 1, Depth = 15, loop 'VITIS_LOOP_109_1_VITIS_LOOP_111_2'
INFO: [SCHED 204-11] Finished scheduling.
INFO: [HLS 200-111] Finished Scheduling: CPU user time: 0.15 seconds. CPU system time: 0 seconds. Elapsed time: 0.18 seconds; current allocated memory: 905.520 MB.
INFO: [BIND 205-100] Starting micro-architecture generation ...
INFO: [BIND 205-101] Performing variable lifetime analysis.
INFO: [BIND 205-101] Exploring resource sharing.
INFO: [BIND 205-101] Binding ...
INFO: [BIND 205-100] Finished micro-architecture generation.
INFO: [HLS 200-111] Finished Binding: CPU user time: 0.11 seconds. CPU system time: 0.01 seconds. Elapsed time: 0.14 seconds; current allocated memory: 905.918 MB.
INFO: [HLS 200-10] ----------------------------------------------------------------
INFO: [HLS 200-42] -- Implementing module 'tiled_conv' 
INFO: [HLS 200-10] ----------------------------------------------------------------
INFO: [SCHED 204-11] Starting scheduling ...
INFO: [HLS 200-1457] Automatically inferring inferring RAM_1WNR storage type for array 'conv_out_buf_V_0'. Use bind_storage pragma to override this type.
INFO: [SCHED 204-11] Finished scheduling.
INFO: [HLS 200-111] Finished Scheduling: CPU user time: 0.21 seconds. CPU system time: 0 seconds. Elapsed time: 0.24 seconds; current allocated memory: 906.895 MB.
INFO: [BIND 205-100] Starting micro-architecture generation ...
INFO: [BIND 205-101] Performing variable lifetime analysis.
INFO: [BIND 205-101] Exploring resource sharing.
INFO: [BIND 205-101] Binding ...
INFO: [BIND 205-100] Finished micro-architecture generation.
INFO: [HLS 200-111] Finished Binding: CPU user time: 0.43 seconds. CPU system time: 0.01 seconds. Elapsed time: 0.45 seconds; current allocated memory: 906.945 MB.
INFO: [HLS 200-10] ----------------------------------------------------------------
INFO: [HLS 200-10] -- Generating RTL for module 'tiled_conv_Pipeline_INPUT_BUFFER_HEIGHT_INPUT_BUFFER_WIDTH' 
INFO: [HLS 200-10] ----------------------------------------------------------------
INFO: [HLS 200-1030] Apply Unified Pipeline Control on module 'tiled_conv_Pipeline_INPUT_BUFFER_HEIGHT_INPUT_BUFFER_WIDTH' pipeline 'INPUT_BUFFER_HEIGHT_INPUT_BUFFER_WIDTH' pipeline type 'loop pipeline'
INFO: [RTGEN 206-100] Finished creating RTL model for 'tiled_conv_Pipeline_INPUT_BUFFER_HEIGHT_INPUT_BUFFER_WIDTH'.
INFO: [HLS 200-111] Finished Creating RTL model: CPU user time: 0.65 seconds. CPU system time: 0.01 seconds. Elapsed time: 0.67 seconds; current allocated memory: 907.195 MB.
INFO: [HLS 200-10] ----------------------------------------------------------------
INFO: [HLS 200-10] -- Generating RTL for module 'tiled_conv_Pipeline_WEIGHT_KERNEL_HEIGHT_WEIGHT_KERNEL_WIDTH' 
INFO: [HLS 200-10] ----------------------------------------------------------------
INFO: [HLS 200-1030] Apply Unified Pipeline Control on module 'tiled_conv_Pipeline_WEIGHT_KERNEL_HEIGHT_WEIGHT_KERNEL_WIDTH' pipeline 'WEIGHT_KERNEL_HEIGHT_WEIGHT_KERNEL_WIDTH' pipeline type 'loop pipeline'
WARNING: [RTGEN 206-101] Setting dangling out port 'tiled_conv_Pipeline_WEIGHT_KERNEL_HEIGHT_WEIGHT_KERNEL_WIDTH/m_axi_wt_ARVALID' to 0.
WARNING: [RTGEN 206-101] Setting dangling out port 'tiled_conv_Pipeline_WEIGHT_KERNEL_HEIGHT_WEIGHT_KERNEL_WIDTH/m_axi_wt_ARADDR' to 0.
WARNING: [RTGEN 206-101] Setting dangling out port 'tiled_conv_Pipeline_WEIGHT_KERNEL_HEIGHT_WEIGHT_KERNEL_WIDTH/m_axi_wt_ARID' to 0.
WARNING: [RTGEN 206-101] Setting dangling out port 'tiled_conv_Pipeline_WEIGHT_KERNEL_HEIGHT_WEIGHT_KERNEL_WIDTH/m_axi_wt_ARLEN' to 0.
WARNING: [RTGEN 206-101] Setting dangling out port 'tiled_conv_Pipeline_WEIGHT_KERNEL_HEIGHT_WEIGHT_KERNEL_WIDTH/m_axi_wt_ARSIZE' to 0.
WARNING: [RTGEN 206-101] Setting dangling out port 'tiled_conv_Pipeline_WEIGHT_KERNEL_HEIGHT_WEIGHT_KERNEL_WIDTH/m_axi_wt_ARBURST' to 0.
WARNING: [RTGEN 206-101] Setting dangling out port 'tiled_conv_Pipeline_WEIGHT_KERNEL_HEIGHT_WEIGHT_KERNEL_WIDTH/m_axi_wt_ARLOCK' to 0.
WARNING: [RTGEN 206-101] Setting dangling out port 'tiled_conv_Pipeline_WEIGHT_KERNEL_HEIGHT_WEIGHT_KERNEL_WIDTH/m_axi_wt_ARCACHE' to 0.
WARNING: [RTGEN 206-101] Setting dangling out port 'tiled_conv_Pipeline_WEIGHT_KERNEL_HEIGHT_WEIGHT_KERNEL_WIDTH/m_axi_wt_ARPROT' to 0.
WARNING: [RTGEN 206-101] Setting dangling out port 'tiled_conv_Pipeline_WEIGHT_KERNEL_HEIGHT_WEIGHT_KERNEL_WIDTH/m_axi_wt_ARQOS' to 0.
WARNING: [RTGEN 206-101] Setting dangling out port 'tiled_conv_Pipeline_WEIGHT_KERNEL_HEIGHT_WEIGHT_KERNEL_WIDTH/m_axi_wt_ARREGION' to 0.
WARNING: [RTGEN 206-101] Setting dangling out port 'tiled_conv_Pipeline_WEIGHT_KERNEL_HEIGHT_WEIGHT_KERNEL_WIDTH/m_axi_wt_ARUSER' to 0.
INFO: [RTGEN 206-100] Finished creating RTL model for 'tiled_conv_Pipeline_WEIGHT_KERNEL_HEIGHT_WEIGHT_KERNEL_WIDTH'.
INFO: [HLS 200-111] Finished Creating RTL model: CPU user time: 0.36 seconds. CPU system time: 0.02 seconds. Elapsed time: 0.43 seconds; current allocated memory: 908.992 MB.
INFO: [HLS 200-10] ----------------------------------------------------------------
INFO: [HLS 200-10] -- Generating RTL for module 'tiled_conv_Pipeline_VITIS_LOOP_37_2_VITIS_LOOP_39_3' 
INFO: [HLS 200-10] ----------------------------------------------------------------
INFO: [HLS 200-1030] Apply Unified Pipeline Control on module 'tiled_conv_Pipeline_VITIS_LOOP_37_2_VITIS_LOOP_39_3' pipeline 'VITIS_LOOP_37_2_VITIS_LOOP_39_3' pipeline type 'loop pipeline'
INFO: [RTGEN 206-100] Generating core module 'mac_muladd_16s_16s_29ns_29_4_1': 24 instance(s).
INFO: [RTGEN 206-100] Generating core module 'mul_mul_16s_16s_29_4_1': 1 instance(s).
INFO: [RTGEN 206-100] Finished creating RTL model for 'tiled_conv_Pipeline_VITIS_LOOP_37_2_VITIS_LOOP_39_3'.
INFO: [HLS 200-111] Finished Creating RTL model: CPU user time: 0.25 seconds. CPU system time: 0.01 seconds. Elapsed time: 0.3 seconds; current allocated memory: 913.051 MB.
INFO: [HLS 200-10] ----------------------------------------------------------------
INFO: [HLS 200-10] -- Generating RTL for module 'tiled_conv_Pipeline_VITIS_LOOP_69_2_VITIS_LOOP_70_3' 
INFO: [HLS 200-10] ----------------------------------------------------------------
INFO: [HLS 200-1030] Apply Unified Pipeline Control on module 'tiled_conv_Pipeline_VITIS_LOOP_69_2_VITIS_LOOP_70_3' pipeline 'VITIS_LOOP_69_2_VITIS_LOOP_70_3' pipeline type 'loop pipeline'
INFO: [RTGEN 206-100] Finished creating RTL model for 'tiled_conv_Pipeline_VITIS_LOOP_69_2_VITIS_LOOP_70_3'.
INFO: [HLS 200-111] Finished Creating RTL model: CPU user time: 0.88 seconds. CPU system time: 0.02 seconds. Elapsed time: 0.95 seconds; current allocated memory: 919.816 MB.
INFO: [HLS 200-10] ----------------------------------------------------------------
INFO: [HLS 200-10] -- Generating RTL for module 'tiled_conv_Pipeline_VITIS_LOOP_92_2_VITIS_LOOP_93_3' 
INFO: [HLS 200-10] ----------------------------------------------------------------
INFO: [HLS 200-1030] Apply Unified Pipeline Control on module 'tiled_conv_Pipeline_VITIS_LOOP_92_2_VITIS_LOOP_93_3' pipeline 'VITIS_LOOP_92_2_VITIS_LOOP_93_3' pipeline type 'loop pipeline'
INFO: [RTGEN 206-100] Finished creating RTL model for 'tiled_conv_Pipeline_VITIS_LOOP_92_2_VITIS_LOOP_93_3'.
INFO: [HLS 200-111] Finished Creating RTL model: CPU user time: 0.35 seconds. CPU system time: 0.01 seconds. Elapsed time: 0.42 seconds; current allocated memory: 920.816 MB.
INFO: [HLS 200-10] ----------------------------------------------------------------
INFO: [HLS 200-10] -- Generating RTL for module 'tiled_conv_Pipeline_OUTPUT_BUFFER_HEIGHT_OUTPUT_BUFFER_WIDTH' 
INFO: [HLS 200-10] ----------------------------------------------------------------
INFO: [HLS 200-1030] Apply Unified Pipeline Control on module 'tiled_conv_Pipeline_OUTPUT_BUFFER_HEIGHT_OUTPUT_BUFFER_WIDTH' pipeline 'OUTPUT_BUFFER_HEIGHT_OUTPUT_BUFFER_WIDTH' pipeline type 'loop pipeline'
INFO: [RTGEN 206-100] Finished creating RTL model for 'tiled_conv_Pipeline_OUTPUT_BUFFER_HEIGHT_OUTPUT_BUFFER_WIDTH'.
INFO: [HLS 200-111] Finished Creating RTL model: CPU user time: 0.23 seconds. CPU system time: 0.01 seconds. Elapsed time: 0.26 seconds; current allocated memory: 922.062 MB.
INFO: [HLS 200-10] ----------------------------------------------------------------
INFO: [HLS 200-10] -- Generating RTL for module 'tiled_conv_Pipeline_VITIS_LOOP_94_2_VITIS_LOOP_96_3' 
INFO: [HLS 200-10] ----------------------------------------------------------------
INFO: [HLS 200-1030] Apply Unified Pipeline Control on module 'tiled_conv_Pipeline_VITIS_LOOP_94_2_VITIS_LOOP_96_3' pipeline 'VITIS_LOOP_94_2_VITIS_LOOP_96_3' pipeline type 'loop pipeline'
INFO: [RTGEN 206-100] Finished creating RTL model for 'tiled_conv_Pipeline_VITIS_LOOP_94_2_VITIS_LOOP_96_3'.
INFO: [HLS 200-111] Finished Creating RTL model: CPU user time: 0.19 seconds. CPU system time: 0.01 seconds. Elapsed time: 0.23 seconds; current allocated memory: 923.379 MB.
INFO: [HLS 200-10] ----------------------------------------------------------------
INFO: [HLS 200-10] -- Generating RTL for module 'tiled_conv_Pipeline_VITIS_LOOP_109_1_VITIS_LOOP_111_2' 
INFO: [HLS 200-10] ----------------------------------------------------------------
INFO: 