

================================================================
== Vitis HLS Report for 'tiled_conv_Pipeline_INPUT_BUFFER_HEIGHT_INPUT_BUFFER_WIDTH'
================================================================
* Date:           Thu Apr 27 10:52:40 2023

* Version:        2022.1.2 (Build 3605665 on Fri Aug  5 22:52:02 MDT 2022)
* Project:        proj
* Solution:       solution1 (Vivado IP Flow Target)
* Product family: zynq
* Target device:  xc7z020-clg400-1


================================================================
== Performance Estimates
================================================================
+ Timing: 
    * Summary: 
    +--------+----------+----------+------------+
    |  Clock |  Target  | Estimated| Uncertainty|
    +--------+----------+----------+------------+
    |ap_clk  |  10.00 ns|  7.300 ns|     2.70 ns|
    +--------+----------+----------+------------+

+ Latency: 
    * Summary: 
    +---------+---------+----------+----------+-----+-----+---------+
    |  Latency (cycles) |  Latency (absolute) |  Interval | Pipeline|
    |   min   |   max   |    min   |    max   | min | max |   Type  |
    +---------+---------+----------+----------+-----+-----+---------+
    |      111|      111|  1.110 us|  1.110 us|  111|  111|       no|
    +---------+---------+----------+----------+-----+-----+---------+

    + Detail: 
        * Instance: 
        N/A

        * Loop: 
        +------------------------------------------+---------+---------+----------+-----------+-----------+------+----------+
        |                                          |  Latency (cycles) | Iteration|  Initiation Interval  | Trip |          |
        |                 Loop Name                |   min   |   max   |  Latency |  achieved |   target  | Count| Pipelined|
        +------------------------------------------+---------+---------+----------+-----------+-----------+------+----------+
        |- INPUT_BUFFER_HEIGHT_INPUT_BUFFER_WIDTH  |      109|      109|        11|          1|          1|   100|       yes|
        +------------------------------------------+---------+---------+----------+-----------+-----------+------+----------+



================================================================
== Utilization Estimates
================================================================
* Summary: 
+-----------------+---------+-----+--------+-------+-----+
|       Name      | BRAM_18K| DSP |   FF   |  LUT  | URAM|
+-----------------+---------+-----+--------+-------+-----+
|DSP              |        -|    -|       -|      -|    -|
|Expression       |        -|    -|       0|    331|    -|
|FIFO             |        -|    -|       -|      -|    -|
|Instance         |        -|    -|       -|      -|    -|
|Memory           |        -|    -|       -|      -|    -|
|Multiplexer      |        -|    -|       -|    108|    -|
|Register         |        -|    -|     502|     96|    -|
+-----------------+---------+-----+--------+-------+-----+
|Total            |        0|    0|     502|    535|    0|
+-----------------+---------+-----+--------+-------+-----+
|Available        |      280|  220|  106400|  53200|    0|
+-----------------+---------+-----+--------+-------+-----+
|Utilization (%)  |        0|    0|      ~0|      1|    0|
+-----------------+---------+-----+--------+-------+-----+

+ Detail: 
    * Instance: 
    N/A

    * DSP: 
    N/A

    * Memory: 
    N/A

    * FIFO: 
    N/A

    * Expression: 
    +-----------------------------------+----------+----+---+----+------------+------------+
    |           Variable Name           | Operation| DSP| FF| LUT| Bitwidth P0| Bitwidth P1|
    +-----------------------------------+----------+----+---+----+------------+------------+
    |add_ln39_1_fu_332_p2               |         +|   0|  0|  11|           3|           3|
    |add_ln39_2_fu_247_p2               |         +|   0|  0|  14|           7|           1|
    |add_ln39_fu_256_p2                 |         +|   0|  0|  13|           4|           1|
    |add_ln41_1_fu_288_p2               |         +|   0|  0|  14|           7|           7|
    |add_ln41_fu_209_p2                 |         +|   0|  0|  14|           7|           7|
    |add_ln43_fu_362_p2                 |         +|   0|  0|  13|           4|           1|
    |add_ln46_fu_342_p2                 |         +|   0|  0|  11|           3|           3|
    |add_ln49_1_fu_446_p2               |         +|   0|  0|  64|          64|          64|
    |add_ln49_2_fu_441_p2               |         +|   0|  0|  64|          64|          64|
    |add_ln49_3_fu_401_p2               |         +|   0|  0|   7|           7|           7|
    |add_ln49_4_fu_413_p2               |         +|   0|  0|   7|           7|           7|
    |add_ln49_fu_424_p2                 |         +|   0|  0|  14|           7|           7|
    |sub_ln49_1_fu_314_p2               |         -|   0|  0|  14|          13|          13|
    |sub_ln49_fu_235_p2                 |         -|   0|  0|  14|          13|          13|
    |ap_block_state10_pp0_stage0_iter9  |       and|   0|  0|   2|           1|           1|
    |ap_block_state3_io                 |       and|   0|  0|   2|           1|           1|
    |ap_condition_281                   |       and|   0|  0|   2|           1|           1|
    |ap_predicate_op86_readreq_state3   |       and|   0|  0|   2|           1|           1|
    |ap_predicate_op93_read_state10     |       and|   0|  0|   2|           1|           1|
    |icmp_ln39_fu_241_p2                |      icmp|   0|  0|  10|           7|           6|
    |icmp_ln43_fu_262_p2                |      icmp|   0|  0|   9|           4|           4|
    |ap_block_pp0_stage0_11001          |        or|   0|  0|   2|           1|           1|
    |or_ln46_fu_348_p2                  |        or|   0|  0|   3|           3|           3|
    |select_ln39_1_fu_276_p3            |    select|   0|  0|   4|           1|           4|
    |select_ln39_2_fu_320_p3            |    select|   0|  0|  13|           1|          13|
    |select_ln39_fu_268_p3              |    select|   0|  0|   4|           1|           1|
    |ap_enable_pp0                      |       xor|   0|  0|   2|           1|           2|
    +-----------------------------------+----------+----+---+----+------------+------------+
    |Total                              |          |   0|  0| 331|         234|         237|
    +-----------------------------------+----------+----+---+----+------------+------------+

    * Multiplexer: 
    +-----------------------------------------+----+-----------+-----+-----------+
    |                   Name                  | LUT| Input Size| Bits| Total Bits|
    +-----------------------------------------+----+-----------+-----+-----------+
    |ap_done_int                              |   9|          2|    1|          2|
    |ap_enable_reg_pp0_iter1                  |   9|          2|    1|          2|
    |ap_phi_mux_storemerge_phi_fu_168_p4      |   9|          2|   16|         32|
    |ap_phi_reg_pp0_iter1_storemerge_reg_164  |   9|          2|   16|         32|
    |ap_sig_allocacmp_i                       |   9|          2|    4|          8|
    |ap_sig_allocacmp_indvar_flatten_load     |   9|          2|    7|         14|
    |ap_sig_allocacmp_j_load                  |   9|          2|    4|          8|
    |fm_blk_n_AR                              |   9|          2|    1|          2|
    |fm_blk_n_R                               |   9|          2|    1|          2|
    |i_1_fu_102                               |   9|          2|    4|          8|
    |indvar_flatten_fu_106                    |   9|          2|    7|         14|
    |j_fu_98                                  |   9|          2|    4|          8|
    +-----------------------------------------+----+-----------+-----+-----------+
    |Total                                    | 108|         24|   66|        132|
    +-----------------------------------------+----+-----------+-----+-----------+

    * Register: 
    +------------------------------------------+----+----+-----+-----------+
    |                   Name                   | FF | LUT| Bits| Const Bits|
    +------------------------------------------+----+----+-----+-----------+
    |ap_CS_fsm                                 |   1|   0|    1|          0|
    |ap_done_reg                               |   1|   0|    1|          0|
    |ap_enable_reg_pp0_iter1                   |   1|   0|    1|          0|
    |ap_enable_reg_pp0_iter10                  |   1|   0|    1|          0|
    |ap_enable_reg_pp0_iter2                   |   1|   0|    1|          0|
    |ap_enable_reg_pp0_iter3                   |   1|   0|    1|          0|
    |ap_enable_reg_pp0_iter4                   |   1|   0|    1|          0|
    |ap_enable_reg_pp0_iter5                   |   1|   0|    1|          0|
    |ap_enable_reg_pp0_iter6                   |   1|   0|    1|          0|
    |ap_enable_reg_pp0_iter7                   |   1|   0|    1|          0|
    |ap_enable_reg_pp0_iter8                   |   1|   0|    1|          0|
    |ap_enable_reg_pp0_iter9                   |   1|   0|    1|          0|
    |ap_loop_exit_ready_pp0_iter1_reg          |   1|   0|    1|          0|
    |ap_loop_exit_ready_pp0_iter2_reg          |   1|   0|    1|          0|
    |ap_loop_exit_ready_pp0_iter3_reg          |   1|   0|    1|          0|
    |ap_loop_exit_ready_pp0_iter4_reg          |   1|   0|    1|          0|
    |ap_loop_exit_ready_pp0_iter5_reg          |   1|   0|    1|          0|
    |ap_loop_exit_ready_pp0_iter6_reg          |   1|   0|    1|          0|
    |ap_loop_exit_ready_pp0_iter7_reg          |   1|   0|    1|          0|
    |ap_loop_exit_ready_pp0_iter8_reg          |   1|   0|    1|          0|
    |ap_loop_exit_ready_pp0_iter9_reg          |   1|   0|    1|          0|
    |ap_phi_reg_pp0_iter10_storemerge_reg_164  |  16|   0|   16|          0|
    |ap_phi_reg_pp0_iter1_storemerge_reg_164   |  16|   0|   16|          0|
    |ap_phi_reg_pp0_iter2_storemerge_reg_164   |  16|   0|   16|          0|
    |ap_phi_reg_pp0_iter3_storemerge_reg_164   |  16|   0|   16|          0|
    |ap_phi_reg_pp0_iter4_storemerge_reg_164   |  16|   0|   16|          0|
    |ap_phi_reg_pp0_iter5_storemerge_reg_164   |  16|   0|   16|          0|
    |ap_phi_reg_pp0_iter6_storemerge_reg_164   |  16|   0|   16|          0|
    |ap_phi_reg_pp0_iter7_storemerge_reg_164   |  16|   0|   16|          0|
    |ap_phi_reg_pp0_iter8_storemerge_reg_164   |  16|   0|   16|          0|
    |ap_phi_reg_pp0_iter9_storemerge_reg_164   |  16|   0|   16|          0|
    |conv_in_buf_V_0_addr_reg_527              |   7|   0|    7|          0|
    |fm_addr_read_reg_538                      |  16|   0|   16|          0|
    |fm_addr_reg_532                           |  64|   0|   64|          0|
    |i_1_fu_102                                |   4|   0|    4|          0|
    |icmp_ln39_reg_503                         |   1|   0|    1|          0|
    |indvar_flatten_fu_106                     |   7|   0|    7|          0|
    |j_fu_98                                   |   4|   0|    4|          0|
    |select_ln39_1_reg_512                     |   4|   0|    4|          0|
    |select_ln39_2_reg_518                     |  10|   0|   13|          3|
    |select_ln39_reg_507                       |   4|   0|    4|          0|
    |sext_ln39_cast_reg_498                    |   7|   0|    7|          0|
    |tmp_reg_523                               |   1|   0|    1|          0|
    |conv_in_buf_V_0_addr_reg_527              |  64|  32|    7|          0|
    |icmp_ln39_reg_503                         |  64|  32|    1|          0|
    |tmp_reg_523                               |  64|  32|    1|          0|
    +------------------------------------------+----+----+-----+-----------+
    |Total                                     | 502|  96|  322|          3|
    +------------------------------------------+----+----+-----+-----------+



================================================================
== Interface
================================================================
* Summary: 
+--------------------------+-----+-----+------------+------------------------------------------------------------+--------------+
|         RTL Ports        | Dir | Bits|  Protocol  |                        Source Object                       |    C Type    |
+--------------------------+-----+-----+------------+------------------------------------------------------------+--------------+
|ap_clk                    |   in|    1|  ap_ctrl_hs|  tiled_conv_Pipeline_INPUT_BUFFER_HEIGHT_INPUT_BUFFER_WIDTH|  return value|
|ap_rst                    |   in|    1|  ap_ctrl_hs|  tiled_conv_Pipeline_INPUT_BUFFER_HEIGHT_INPUT_BUFFER_WIDTH|  return value|
|ap_start                  |   in|    1|  ap_ctrl_hs|  tiled_conv_Pipeline_INPUT_BUFFER_HEIGHT_INPUT_BUFFER_WIDTH|  return value|
|ap_done                   |  out|    1|  ap_ctrl_hs|  tiled_conv_Pipeline_INPUT_BUFFER_HEIGHT_INPUT_BUFFER_WIDTH|  return value|
|ap_idle                   |  out|    1|  ap_ctrl_hs|  tiled_conv_Pipeline_INPUT_BUFFER_HEIGHT_INPUT_BUFFER_WIDTH|  return value|
|ap_ready                  |  out|    1|  ap_ctrl_hs|  tiled_conv_Pipeline_INPUT_BUFFER_HEIGHT_INPUT_BUFFER_WIDTH|  return value|
|m_axi_fm_AWVALID          |  out|    1|       m_axi|                                                          fm|       pointer|
|m_axi_fm_AWREADY          |   in|    1|       m_axi|                                                          fm|       pointer|
|m_axi_fm_AWADDR           |  out|   64|       m_axi|                                                          fm|       pointer|
|m_axi_fm_AWID             |  out|    1|       m_axi|                                                          fm|       pointer|
|m_axi_fm_AWLEN            |  out|   32|       m_axi|                                                          fm|       pointer|
|m_axi_fm_AWSIZE           |  out|    3|       m_axi|                                                          fm|       pointer|
|m_axi_fm_AWBURST          |  out|    2|       m_axi|                                                          fm|       pointer|
|m_axi_fm_AWLOCK           |  out|    2|       m_axi|                                                          fm|       pointer|
|m_axi_fm_AWCACHE          |  out|    4|       m_axi|                                                          fm|       pointer|
|m_axi_fm_AWPROT           |  out|    3|       m_axi|                                                          fm|       pointer|
|m_axi_fm_AWQOS            |  out|    4|       m_axi|                                                          fm|       pointer|
|m_axi_fm_AWREGION         |  out|    4|       m_axi|                                                          fm|       pointer|
|m_axi_fm_AWUSER           |  out|    1|       m_axi|                                                          fm|       pointer|
|m_axi_fm_WVALID           |  out|    1|       m_axi|                                                          fm|       pointer|
|m_axi_fm_WREADY           |   in|    1|       m_axi|                                                          fm|       pointer|
|m_axi_fm_WDATA            |  out|   16|       m_axi|                                                          fm|       pointer|
|m_axi_fm_WSTRB            |  out|    2|       m_axi|                                                          fm|       pointer|
|m_axi_fm_WLAST            |  out|    1|       m_axi|                                                          fm|       pointer|
|m_axi_fm_WID              |  out|    1|       m_axi|                                                          fm|       pointer|
|m_axi_fm_WUSER            |  out|    1|       m_axi|                                                          fm|       pointer|
|m_axi_fm_ARVALID          |  out|    1|       m_axi|                                                          fm|       pointer|
|m_axi_fm_ARREADY          |   in|    1|       m_axi|                                                          fm|       pointer|
|m_axi_fm_ARADDR           |  out|   64|       m_axi|                                                          fm|       pointer|
|m_axi_fm_ARID             |  out|    1|       m_axi|                                                          fm|       pointer|
|m_axi_fm_ARLEN            |  out|   32|       m_axi|                                                          fm|       pointer|
|m_axi_fm_ARSIZE           |  out|    3|       m_axi|                                                          fm|       pointer|
|m_axi_fm_ARBURST          |  out|    2|       m_axi|                                                          fm|       pointer|
|m_axi_fm_ARLOCK           |  out|    2|       m_axi|                                                          fm|       pointer|
|m_axi_fm_ARCACHE          |  out|    4|       m_axi|                                                          fm|       pointer|
|m_axi_fm_ARPROT           |  out|    3|       m_axi|                                                          fm|       pointer|
|m_axi_fm_ARQOS            |  out|    4|       m_axi|                                                          fm|       pointer|
|m_axi_fm_ARREGION         |  out|    4|       m_axi|                                                          fm|       pointer|
|m_axi_fm_ARUSER           |  out|    1|       m_axi|                                                          fm|       pointer|
|m_axi_fm_RVALID           |   in|    1|       m_axi|                                                          fm|       pointer|
|m_axi_fm_RREADY           |  out|    1|       m_axi|                                                          fm|       pointer|
|m_axi_fm_RDATA            |   in|   16|       m_axi|                                                          fm|       pointer|
|m_axi_fm_RLAST            |   in|    1|       m_axi|                                                          fm|       pointer|
|m_axi_fm_RID              |   in|    1|       m_axi|                                                          fm|       pointer|
|m_axi_fm_RFIFONUM         |   in|   10|       m_axi|                                                          fm|       pointer|
|m_axi_fm_RUSER            |   in|    1|       m_axi|                                                          fm|       pointer|
|m_axi_fm_RRESP            |   in|    2|       m_axi|                                                          fm|       pointer|
|m_axi_fm_BVALID           |   in|    1|       m_axi|                                                          fm|       pointer|
|m_axi_fm_BREADY           |  out|    1|       m_axi|                                                          fm|       pointer|
|m_axi_fm_BRESP            |   in|    2|       m_axi|                                                          fm|       pointer|
|m_axi_fm_BID              |   in|    1|       m_axi|                                                          fm|       pointer|
|m_axi_fm_BUSER            |   in|    1|       m_axi|                                                          fm|       pointer|
|p_cast                    |   in|    6|     ap_none|                                                      p_cast|        scalar|
|trunc_ln2                 |   in|    3|     ap_none|                                                   trunc_ln2|        scalar|
|conv_in_buf_V_0_address0  |  out|    7|   ap_memory|                                             conv_in_buf_V_0|         array|
|conv_in_buf_V_0_ce0       |  out|    1|   ap_memory|                                             conv_in_buf_V_0|         array|
|conv_in_buf_V_0_we0       |  out|    1|   ap_memory|                                             conv_in_buf_V_0|         array|
|conv_in_buf_V_0_d0        |  out|   16|   ap_memory|                                             conv_in_buf_V_0|         array|
|trunc_ln4                 |   in|    3|     ap_none|                                                   trunc_ln4|        scalar|
|sext_ln39                 |   in|    6|     ap_none|                                                   sext_ln39|        scalar|
|input_feature_map         |   in|   64|     ap_none|                                           input_feature_map|        scalar|
+--------------------------+-----+-----+------------+------------------------------------------------------------+--------------+

